{
  "numFailedTestSuites": 31,
  "numFailedTests": 72,
  "numPassedTestSuites": 84,
  "numPassedTests": 344,
  "numPendingTestSuites": 5,
  "numPendingTests": 16,
  "numRuntimeErrorTestSuites": 0,
  "numTodoTests": 1,
  "numTotalTestSuites": 120,
  "numTotalTests": 433,
  "openHandles": [],
  "snapshot": {
    "added": 0,
    "didUpdate": false,
    "failure": false,
    "filesAdded": 0,
    "filesRemoved": 0,
    "filesRemovedList": [],
    "filesUnmatched": 0,
    "filesUpdated": 0,
    "matched": 2,
    "total": 2,
    "unchecked": 0,
    "uncheckedKeysByFile": [],
    "unmatched": 0,
    "updated": 0
  },
  "startTime": 1763771245021,
  "success": false,
  "testResults": [
    {
      "assertionResults": [
        {
          "ancestorTitles": [
            "GameEngine AI-style simulations (backend termination / stall checks)"
          ],
          "duration": 154,
          "failureDetails": [{}],
          "failureMessages": [
            "Error: S-invariant violation in backend AI simulation: scenario=square8 with 2 AI players, run=1, seed=2, step=43, phase=movement, currentPlayer=2, beforeS=32, afterS=32\n    at Object.<anonymous> (/Users/armand/Development/RingRift/tests/unit/GameEngine.aiSimulation.test.ts:322:23)"
          ],
          "fullName": "GameEngine AI-style simulations (backend termination / stall checks) square8 with 2 AI players: 100 seeded-random games do not stall and terminate within 1000 moves",
          "invocations": 1,
          "location": { "column": 7, "line": 172 },
          "numPassingAsserts": 303,
          "retryReasons": [],
          "status": "failed",
          "title": "square8 with 2 AI players: 100 seeded-random games do not stall and terminate within 1000 moves"
        },
        {
          "ancestorTitles": [
            "GameEngine AI-style simulations (backend termination / stall checks)"
          ],
          "duration": 203,
          "failureDetails": [{}],
          "failureMessages": [
            "Error: S-invariant violation in backend AI simulation: scenario=square8 with 3 AI players, run=3, seed=1004, step=27, phase=movement, currentPlayer=2, beforeS=13, afterS=13\n    at Object.<anonymous> (/Users/armand/Development/RingRift/tests/unit/GameEngine.aiSimulation.test.ts:322:23)"
          ],
          "fullName": "GameEngine AI-style simulations (backend termination / stall checks) square8 with 3 AI players: 100 seeded-random games do not stall and terminate within 1000 moves",
          "invocations": 1,
          "location": { "column": 7, "line": 172 },
          "numPassingAsserts": 599,
          "retryReasons": [],
          "status": "failed",
          "title": "square8 with 3 AI players: 100 seeded-random games do not stall and terminate within 1000 moves"
        },
        {
          "ancestorTitles": [
            "GameEngine AI-style simulations (backend termination / stall checks)"
          ],
          "duration": 82,
          "failureDetails": [{}],
          "failureMessages": [
            "Error: S-invariant violation in backend AI simulation: scenario=square8 with 4 AI players, run=0, seed=2001, step=78, phase=capture, currentPlayer=1, beforeS=88, afterS=88\n    at Object.<anonymous> (/Users/armand/Development/RingRift/tests/unit/GameEngine.aiSimulation.test.ts:322:23)"
          ],
          "fullName": "GameEngine AI-style simulations (backend termination / stall checks) square8 with 4 AI players: 100 seeded-random games do not stall and terminate within 1000 moves",
          "invocations": 1,
          "location": { "column": 7, "line": 172 },
          "numPassingAsserts": 236,
          "retryReasons": [],
          "status": "failed",
          "title": "square8 with 4 AI players: 100 seeded-random games do not stall and terminate within 1000 moves"
        },
        {
          "ancestorTitles": [
            "GameEngine AI-style simulations (backend termination / stall checks)"
          ],
          "duration": 14601,
          "failureDetails": [{}],
          "failureMessages": [
            "Error: S-invariant violation in backend AI simulation: scenario=square19 with 2 AI players, run=7, seed=100008, step=107, phase=movement, currentPlayer=1, beforeS=72, afterS=72\n    at Object.<anonymous> (/Users/armand/Development/RingRift/tests/unit/GameEngine.aiSimulation.test.ts:322:23)"
          ],
          "fullName": "GameEngine AI-style simulations (backend termination / stall checks) square19 with 2 AI players: 100 seeded-random games do not stall and terminate within 1000 moves",
          "invocations": 1,
          "location": { "column": 7, "line": 172 },
          "numPassingAsserts": 4865,
          "retryReasons": [],
          "status": "failed",
          "title": "square19 with 2 AI players: 100 seeded-random games do not stall and terminate within 1000 moves"
        },
        {
          "ancestorTitles": [
            "GameEngine AI-style simulations (backend termination / stall checks)"
          ],
          "duration": 1633,
          "failureDetails": [{}],
          "failureMessages": [
            "Error: S-invariant violation in backend AI simulation: scenario=square19 with 3 AI players, run=0, seed=101001, step=196, phase=movement, currentPlayer=3, beforeS=143, afterS=143\n    at Object.<anonymous> (/Users/armand/Development/RingRift/tests/unit/GameEngine.aiSimulation.test.ts:322:23)"
          ],
          "fullName": "GameEngine AI-style simulations (backend termination / stall checks) square19 with 3 AI players: 100 seeded-random games do not stall and terminate within 1000 moves",
          "invocations": 1,
          "location": { "column": 7, "line": 172 },
          "numPassingAsserts": 591,
          "retryReasons": [],
          "status": "failed",
          "title": "square19 with 3 AI players: 100 seeded-random games do not stall and terminate within 1000 moves"
        },
        {
          "ancestorTitles": [
            "GameEngine AI-style simulations (backend termination / stall checks)"
          ],
          "duration": 4370,
          "failureDetails": [{}],
          "failureMessages": [
            "Error: S-invariant violation in backend AI simulation: scenario=square19 with 4 AI players, run=1, seed=102002, step=166, phase=movement, currentPlayer=1, beforeS=87, afterS=87\n    at Object.<anonymous> (/Users/armand/Development/RingRift/tests/unit/GameEngine.aiSimulation.test.ts:322:23)"
          ],
          "fullName": "GameEngine AI-style simulations (backend termination / stall checks) square19 with 4 AI players: 100 seeded-random games do not stall and terminate within 1000 moves",
          "invocations": 1,
          "location": { "column": 7, "line": 172 },
          "numPassingAsserts": 1413,
          "retryReasons": [],
          "status": "failed",
          "title": "square19 with 4 AI players: 100 seeded-random games do not stall and terminate within 1000 moves"
        },
        {
          "ancestorTitles": [
            "GameEngine AI-style simulations (backend termination / stall checks)"
          ],
          "duration": 5625,
          "failureDetails": [{}],
          "failureMessages": [
            "Error: S-invariant violation in backend AI simulation: scenario=hexagonal with 2 AI players, run=1, seed=200002, step=224, phase=movement, currentPlayer=2, beforeS=207, afterS=207\n    at Object.<anonymous> (/Users/armand/Development/RingRift/tests/unit/GameEngine.aiSimulation.test.ts:322:23)"
          ],
          "fullName": "GameEngine AI-style simulations (backend termination / stall checks) hexagonal with 2 AI players: 100 seeded-random games do not stall and terminate within 1000 moves",
          "invocations": 1,
          "location": { "column": 7, "line": 172 },
          "numPassingAsserts": 1425,
          "retryReasons": [],
          "status": "failed",
          "title": "hexagonal with 2 AI players: 100 seeded-random games do not stall and terminate within 1000 moves"
        },
        {
          "ancestorTitles": [
            "GameEngine AI-style simulations (backend termination / stall checks)"
          ],
          "duration": 5102,
          "failureDetails": [{}],
          "failureMessages": [
            "Error: S-invariant violation in backend AI simulation: scenario=hexagonal with 3 AI players, run=1, seed=201002, step=117, phase=movement, currentPlayer=2, beforeS=58, afterS=58\n    at Object.<anonymous> (/Users/armand/Development/RingRift/tests/unit/GameEngine.aiSimulation.test.ts:322:23)"
          ],
          "fullName": "GameEngine AI-style simulations (backend termination / stall checks) hexagonal with 3 AI players: 100 seeded-random games do not stall and terminate within 1000 moves",
          "invocations": 1,
          "location": { "column": 7, "line": 172 },
          "numPassingAsserts": 1271,
          "retryReasons": [],
          "status": "failed",
          "title": "hexagonal with 3 AI players: 100 seeded-random games do not stall and terminate within 1000 moves"
        },
        {
          "ancestorTitles": [
            "GameEngine AI-style simulations (backend termination / stall checks)"
          ],
          "duration": 3656,
          "failureDetails": [{}],
          "failureMessages": [
            "Error: S-invariant violation in backend AI simulation: scenario=hexagonal with 4 AI players, run=0, seed=202001, step=286, phase=movement, currentPlayer=3, beforeS=211, afterS=211\n    at Object.<anonymous> (/Users/armand/Development/RingRift/tests/unit/GameEngine.aiSimulation.test.ts:322:23)"
          ],
          "fullName": "GameEngine AI-style simulations (backend termination / stall checks) hexagonal with 4 AI players: 100 seeded-random games do not stall and terminate within 1000 moves",
          "invocations": 1,
          "location": { "column": 7, "line": 172 },
          "numPassingAsserts": 861,
          "retryReasons": [],
          "status": "failed",
          "title": "hexagonal with 4 AI players: 100 seeded-random games do not stall and terminate within 1000 moves"
        }
      ],
      "endTime": 1763771281007,
      "message": "  ● GameEngine AI-style simulations (backend termination / stall checks) › square8 with 2 AI players: 100 seeded-random games do not stall and terminate within 1000 moves\n\n    S-invariant violation in backend AI simulation: scenario=square8 with 2 AI players, run=1, seed=2, step=43, phase=movement, currentPlayer=2, beforeS=32, afterS=32\n\n      320 |                 );\n      321 |\n    > 322 |                 throw new Error(\n          |                       ^\n      323 |                   `S-invariant violation in backend AI simulation: ` +\n      324 |                     `scenario=${scenarioLabel}, run=${run}, seed=${seed}, step=${i}, ` +\n      325 |                     `phase=${before.currentPhase}, currentPlayer=${before.currentPlayer}, ` +\n\n      at Object.<anonymous> (tests/unit/GameEngine.aiSimulation.test.ts:322:23)\n\n  ● GameEngine AI-style simulations (backend termination / stall checks) › square8 with 3 AI players: 100 seeded-random games do not stall and terminate within 1000 moves\n\n    S-invariant violation in backend AI simulation: scenario=square8 with 3 AI players, run=3, seed=1004, step=27, phase=movement, currentPlayer=2, beforeS=13, afterS=13\n\n      320 |                 );\n      321 |\n    > 322 |                 throw new Error(\n          |                       ^\n      323 |                   `S-invariant violation in backend AI simulation: ` +\n      324 |                     `scenario=${scenarioLabel}, run=${run}, seed=${seed}, step=${i}, ` +\n      325 |                     `phase=${before.currentPhase}, currentPlayer=${before.currentPlayer}, ` +\n\n      at Object.<anonymous> (tests/unit/GameEngine.aiSimulation.test.ts:322:23)\n\n  ● GameEngine AI-style simulations (backend termination / stall checks) › square8 with 4 AI players: 100 seeded-random games do not stall and terminate within 1000 moves\n\n    S-invariant violation in backend AI simulation: scenario=square8 with 4 AI players, run=0, seed=2001, step=78, phase=capture, currentPlayer=1, beforeS=88, afterS=88\n\n      320 |                 );\n      321 |\n    > 322 |                 throw new Error(\n          |                       ^\n      323 |                   `S-invariant violation in backend AI simulation: ` +\n      324 |                     `scenario=${scenarioLabel}, run=${run}, seed=${seed}, step=${i}, ` +\n      325 |                     `phase=${before.currentPhase}, currentPlayer=${before.currentPlayer}, ` +\n\n      at Object.<anonymous> (tests/unit/GameEngine.aiSimulation.test.ts:322:23)\n\n  ● GameEngine AI-style simulations (backend termination / stall checks) › square19 with 2 AI players: 100 seeded-random games do not stall and terminate within 1000 moves\n\n    S-invariant violation in backend AI simulation: scenario=square19 with 2 AI players, run=7, seed=100008, step=107, phase=movement, currentPlayer=1, beforeS=72, afterS=72\n\n      320 |                 );\n      321 |\n    > 322 |                 throw new Error(\n          |                       ^\n      323 |                   `S-invariant violation in backend AI simulation: ` +\n      324 |                     `scenario=${scenarioLabel}, run=${run}, seed=${seed}, step=${i}, ` +\n      325 |                     `phase=${before.currentPhase}, currentPlayer=${before.currentPlayer}, ` +\n\n      at Object.<anonymous> (tests/unit/GameEngine.aiSimulation.test.ts:322:23)\n\n  ● GameEngine AI-style simulations (backend termination / stall checks) › square19 with 3 AI players: 100 seeded-random games do not stall and terminate within 1000 moves\n\n    S-invariant violation in backend AI simulation: scenario=square19 with 3 AI players, run=0, seed=101001, step=196, phase=movement, currentPlayer=3, beforeS=143, afterS=143\n\n      320 |                 );\n      321 |\n    > 322 |                 throw new Error(\n          |                       ^\n      323 |                   `S-invariant violation in backend AI simulation: ` +\n      324 |                     `scenario=${scenarioLabel}, run=${run}, seed=${seed}, step=${i}, ` +\n      325 |                     `phase=${before.currentPhase}, currentPlayer=${before.currentPlayer}, ` +\n\n      at Object.<anonymous> (tests/unit/GameEngine.aiSimulation.test.ts:322:23)\n\n  ● GameEngine AI-style simulations (backend termination / stall checks) › square19 with 4 AI players: 100 seeded-random games do not stall and terminate within 1000 moves\n\n    S-invariant violation in backend AI simulation: scenario=square19 with 4 AI players, run=1, seed=102002, step=166, phase=movement, currentPlayer=1, beforeS=87, afterS=87\n\n      320 |                 );\n      321 |\n    > 322 |                 throw new Error(\n          |                       ^\n      323 |                   `S-invariant violation in backend AI simulation: ` +\n      324 |                     `scenario=${scenarioLabel}, run=${run}, seed=${seed}, step=${i}, ` +\n      325 |                     `phase=${before.currentPhase}, currentPlayer=${before.currentPlayer}, ` +\n\n      at Object.<anonymous> (tests/unit/GameEngine.aiSimulation.test.ts:322:23)\n\n  ● GameEngine AI-style simulations (backend termination / stall checks) › hexagonal with 2 AI players: 100 seeded-random games do not stall and terminate within 1000 moves\n\n    S-invariant violation in backend AI simulation: scenario=hexagonal with 2 AI players, run=1, seed=200002, step=224, phase=movement, currentPlayer=2, beforeS=207, afterS=207\n\n      320 |                 );\n      321 |\n    > 322 |                 throw new Error(\n          |                       ^\n      323 |                   `S-invariant violation in backend AI simulation: ` +\n      324 |                     `scenario=${scenarioLabel}, run=${run}, seed=${seed}, step=${i}, ` +\n      325 |                     `phase=${before.currentPhase}, currentPlayer=${before.currentPlayer}, ` +\n\n      at Object.<anonymous> (tests/unit/GameEngine.aiSimulation.test.ts:322:23)\n\n  ● GameEngine AI-style simulations (backend termination / stall checks) › hexagonal with 3 AI players: 100 seeded-random games do not stall and terminate within 1000 moves\n\n    S-invariant violation in backend AI simulation: scenario=hexagonal with 3 AI players, run=1, seed=201002, step=117, phase=movement, currentPlayer=2, beforeS=58, afterS=58\n\n      320 |                 );\n      321 |\n    > 322 |                 throw new Error(\n          |                       ^\n      323 |                   `S-invariant violation in backend AI simulation: ` +\n      324 |                     `scenario=${scenarioLabel}, run=${run}, seed=${seed}, step=${i}, ` +\n      325 |                     `phase=${before.currentPhase}, currentPlayer=${before.currentPlayer}, ` +\n\n      at Object.<anonymous> (tests/unit/GameEngine.aiSimulation.test.ts:322:23)\n\n  ● GameEngine AI-style simulations (backend termination / stall checks) › hexagonal with 4 AI players: 100 seeded-random games do not stall and terminate within 1000 moves\n\n    S-invariant violation in backend AI simulation: scenario=hexagonal with 4 AI players, run=0, seed=202001, step=286, phase=movement, currentPlayer=3, beforeS=211, afterS=211\n\n      320 |                 );\n      321 |\n    > 322 |                 throw new Error(\n          |                       ^\n      323 |                   `S-invariant violation in backend AI simulation: ` +\n      324 |                     `scenario=${scenarioLabel}, run=${run}, seed=${seed}, step=${i}, ` +\n      325 |                     `phase=${before.currentPhase}, currentPlayer=${before.currentPlayer}, ` +\n\n      at Object.<anonymous> (tests/unit/GameEngine.aiSimulation.test.ts:322:23)\n",
      "name": "/Users/armand/Development/RingRift/tests/unit/GameEngine.aiSimulation.test.ts",
      "startTime": 1763771245148,
      "status": "failed",
      "summary": ""
    },
    {
      "assertionResults": [
        {
          "ancestorTitles": ["WebSocketServer.handlePlayerMoveById (human decision phases)"],
          "duration": 3,
          "failureDetails": [{}],
          "failureMessages": [
            "TypeError: Cannot read properties of undefined (reading 'size')\n    at new BoardManager (/Users/armand/Development/RingRift/src/server/game/BoardManager.ts:29:29)\n    at new GameEngine (/Users/armand/Development/RingRift/src/server/game/GameEngine.ts:113:25)\n    at GameSession.initialize (/Users/armand/Development/RingRift/src/server/game/GameSession.ts:167:23)\n    at GameSessionManager.getOrCreateSession (/Users/armand/Development/RingRift/src/server/game/GameSessionManager.ts:30:5)\n    at /Users/armand/Development/RingRift/src/server/websocket/server.ts:348:23"
          ],
          "fullName": "WebSocketServer.handlePlayerMoveById (human decision phases) applies a canonical process_line Move for a human in line_processing via player_move_by_id and emits game_state",
          "invocations": 1,
          "location": { "column": 3, "line": 44 },
          "numPassingAsserts": 0,
          "retryReasons": [],
          "status": "failed",
          "title": "applies a canonical process_line Move for a human in line_processing via player_move_by_id and emits game_state"
        },
        {
          "ancestorTitles": ["WebSocketServer.handlePlayerMoveById (human decision phases)"],
          "duration": 1,
          "failureDetails": [{}],
          "failureMessages": [
            "TypeError: Cannot read properties of undefined (reading 'size')\n    at new BoardManager (/Users/armand/Development/RingRift/src/server/game/BoardManager.ts:29:29)\n    at new GameEngine (/Users/armand/Development/RingRift/src/server/game/GameEngine.ts:113:25)\n    at GameSession.initialize (/Users/armand/Development/RingRift/src/server/game/GameSession.ts:167:23)\n    at GameSessionManager.getOrCreateSession (/Users/armand/Development/RingRift/src/server/game/GameSessionManager.ts:30:5)\n    at /Users/armand/Development/RingRift/src/server/websocket/server.ts:348:23"
          ],
          "fullName": "WebSocketServer.handlePlayerMoveById (human decision phases) applies a canonical process_territory_region Move for a human in territory_processing via player_move_by_id and emits game_state",
          "invocations": 1,
          "location": { "column": 3, "line": 128 },
          "numPassingAsserts": 0,
          "retryReasons": [],
          "status": "failed",
          "title": "applies a canonical process_territory_region Move for a human in territory_processing via player_move_by_id and emits game_state"
        },
        {
          "ancestorTitles": ["WebSocketServer.handlePlayerMoveById (human decision phases)"],
          "duration": 0,
          "failureDetails": [{}],
          "failureMessages": [
            "TypeError: Cannot read properties of undefined (reading 'size')\n    at new BoardManager (/Users/armand/Development/RingRift/src/server/game/BoardManager.ts:29:29)\n    at new GameEngine (/Users/armand/Development/RingRift/src/server/game/GameEngine.ts:113:25)\n    at GameSession.initialize (/Users/armand/Development/RingRift/src/server/game/GameSession.ts:167:23)\n    at GameSessionManager.getOrCreateSession (/Users/armand/Development/RingRift/src/server/game/GameSessionManager.ts:30:5)\n    at /Users/armand/Development/RingRift/src/server/websocket/server.ts:348:23"
          ],
          "fullName": "WebSocketServer.handlePlayerMoveById (human decision phases) applies a canonical eliminate_rings_from_stack Move for a human in territory_processing via player_move_by_id and emits game_state",
          "invocations": 1,
          "location": { "column": 3, "line": 202 },
          "numPassingAsserts": 0,
          "retryReasons": [],
          "status": "failed",
          "title": "applies a canonical eliminate_rings_from_stack Move for a human in territory_processing via player_move_by_id and emits game_state"
        }
      ],
      "endTime": 1763771281606,
      "message": "  ● WebSocketServer.handlePlayerMoveById (human decision phases) › applies a canonical process_line Move for a human in line_processing via player_move_by_id and emits game_state\n\n    TypeError: Cannot read properties of undefined (reading 'size')\n\n      27 |     this.boardType = boardType;\n      28 |     this.config = BOARD_CONFIGS[boardType];\n    > 29 |     this.size = this.config.size;\n         |                             ^\n      30 |     this.validPositions = this.generateValidPositions();\n      31 |     this.buildAdjacencyGraph();\n      32 |   }\n\n      at new BoardManager (src/server/game/BoardManager.ts:29:29)\n      at new GameEngine (src/server/game/GameEngine.ts:113:25)\n      at GameSession.initialize (src/server/game/GameSession.ts:167:23)\n      at GameSessionManager.getOrCreateSession (src/server/game/GameSessionManager.ts:30:5)\n      at src/server/websocket/server.ts:348:23\n\n  ● WebSocketServer.handlePlayerMoveById (human decision phases) › applies a canonical process_territory_region Move for a human in territory_processing via player_move_by_id and emits game_state\n\n    TypeError: Cannot read properties of undefined (reading 'size')\n\n      27 |     this.boardType = boardType;\n      28 |     this.config = BOARD_CONFIGS[boardType];\n    > 29 |     this.size = this.config.size;\n         |                             ^\n      30 |     this.validPositions = this.generateValidPositions();\n      31 |     this.buildAdjacencyGraph();\n      32 |   }\n\n      at new BoardManager (src/server/game/BoardManager.ts:29:29)\n      at new GameEngine (src/server/game/GameEngine.ts:113:25)\n      at GameSession.initialize (src/server/game/GameSession.ts:167:23)\n      at GameSessionManager.getOrCreateSession (src/server/game/GameSessionManager.ts:30:5)\n      at src/server/websocket/server.ts:348:23\n\n  ● WebSocketServer.handlePlayerMoveById (human decision phases) › applies a canonical eliminate_rings_from_stack Move for a human in territory_processing via player_move_by_id and emits game_state\n\n    TypeError: Cannot read properties of undefined (reading 'size')\n\n      27 |     this.boardType = boardType;\n      28 |     this.config = BOARD_CONFIGS[boardType];\n    > 29 |     this.size = this.config.size;\n         |                             ^\n      30 |     this.validPositions = this.generateValidPositions();\n      31 |     this.buildAdjacencyGraph();\n      32 |   }\n\n      at new BoardManager (src/server/game/BoardManager.ts:29:29)\n      at new GameEngine (src/server/game/GameEngine.ts:113:25)\n      at GameSession.initialize (src/server/game/GameSession.ts:167:23)\n      at GameSessionManager.getOrCreateSession (src/server/game/GameSessionManager.ts:30:5)\n      at src/server/websocket/server.ts:348:23\n",
      "name": "/Users/armand/Development/RingRift/tests/unit/WebSocketServer.humanDecisionById.integration.test.ts",
      "startTime": 1763771281017,
      "status": "failed",
      "summary": ""
    },
    {
      "assertionResults": [
        {
          "ancestorTitles": ["Auth HTTP routes", "POST /api/auth/register"],
          "duration": 122,
          "failureDetails": [],
          "failureMessages": [],
          "fullName": "Auth HTTP routes POST /api/auth/register registers a new user and returns tokens",
          "invocations": 1,
          "location": { "column": 5, "line": 66 },
          "numPassingAsserts": 6,
          "retryReasons": [],
          "status": "passed",
          "title": "registers a new user and returns tokens"
        },
        {
          "ancestorTitles": ["Auth HTTP routes", "POST /api/auth/register"],
          "duration": 4,
          "failureDetails": [],
          "failureMessages": [],
          "fullName": "Auth HTTP routes POST /api/auth/register returns 409 EMAIL_EXISTS when email already registered",
          "invocations": 1,
          "location": { "column": 5, "line": 93 },
          "numPassingAsserts": 2,
          "retryReasons": [],
          "status": "passed",
          "title": "returns 409 EMAIL_EXISTS when email already registered"
        },
        {
          "ancestorTitles": ["Auth HTTP routes", "POST /api/auth/register"],
          "duration": 2,
          "failureDetails": [],
          "failureMessages": [],
          "fullName": "Auth HTTP routes POST /api/auth/register returns 409 USERNAME_EXISTS when username already taken",
          "invocations": 1,
          "location": { "column": 5, "line": 121 },
          "numPassingAsserts": 2,
          "retryReasons": [],
          "status": "passed",
          "title": "returns 409 USERNAME_EXISTS when username already taken"
        },
        {
          "ancestorTitles": ["Auth HTTP routes", "POST /api/auth/login"],
          "duration": 2,
          "failureDetails": [],
          "failureMessages": [],
          "fullName": "Auth HTTP routes POST /api/auth/login returns 401 INVALID_CREDENTIALS when user not found",
          "invocations": 1,
          "location": { "column": 5, "line": 151 },
          "numPassingAsserts": 1,
          "retryReasons": [],
          "status": "passed",
          "title": "returns 401 INVALID_CREDENTIALS when user not found"
        },
        {
          "ancestorTitles": ["Auth HTTP routes", "POST /api/auth/login"],
          "duration": 4,
          "failureDetails": [],
          "failureMessages": [],
          "fullName": "Auth HTTP routes POST /api/auth/login returns 401 ACCOUNT_DEACTIVATED for inactive user",
          "invocations": 1,
          "location": { "column": 5, "line": 163 },
          "numPassingAsserts": 1,
          "retryReasons": [],
          "status": "passed",
          "title": "returns 401 ACCOUNT_DEACTIVATED for inactive user"
        },
        {
          "ancestorTitles": ["Auth HTTP routes", "POST /api/auth/login"],
          "duration": 3,
          "failureDetails": [],
          "failureMessages": [],
          "fullName": "Auth HTTP routes POST /api/auth/login returns 401 INVALID_CREDENTIALS for wrong password",
          "invocations": 1,
          "location": { "column": 5, "line": 185 },
          "numPassingAsserts": 1,
          "retryReasons": [],
          "status": "passed",
          "title": "returns 401 INVALID_CREDENTIALS for wrong password"
        },
        {
          "ancestorTitles": ["Auth HTTP routes", "POST /api/auth/login"],
          "duration": 3,
          "failureDetails": [],
          "failureMessages": [],
          "fullName": "Auth HTTP routes POST /api/auth/login logs in successfully and returns tokens",
          "invocations": 1,
          "location": { "column": 5, "line": 207 },
          "numPassingAsserts": 6,
          "retryReasons": [],
          "status": "passed",
          "title": "logs in successfully and returns tokens"
        },
        {
          "ancestorTitles": ["Auth HTTP routes", "POST /api/auth/refresh"],
          "duration": 3,
          "failureDetails": [],
          "failureMessages": [],
          "fullName": "Auth HTTP routes POST /api/auth/refresh returns 400 REFRESH_TOKEN_REQUIRED when missing token",
          "invocations": 1,
          "location": { "column": 5, "line": 241 },
          "numPassingAsserts": 1,
          "retryReasons": [],
          "status": "passed",
          "title": "returns 400 REFRESH_TOKEN_REQUIRED when missing token"
        },
        {
          "ancestorTitles": ["Auth HTTP routes", "POST /api/auth/refresh"],
          "duration": 5,
          "failureDetails": [],
          "failureMessages": [],
          "fullName": "Auth HTTP routes POST /api/auth/refresh returns 401 INVALID_REFRESH_TOKEN when DB lookup fails",
          "invocations": 1,
          "location": { "column": 5, "line": 249 },
          "numPassingAsserts": 1,
          "retryReasons": [],
          "status": "passed",
          "title": "returns 401 INVALID_REFRESH_TOKEN when DB lookup fails"
        },
        {
          "ancestorTitles": ["Auth HTTP routes", "POST /api/auth/refresh"],
          "duration": 2,
          "failureDetails": [],
          "failureMessages": [],
          "fullName": "Auth HTTP routes POST /api/auth/refresh refreshes tokens successfully when refresh token is valid",
          "invocations": 1,
          "location": { "column": 5, "line": 267 },
          "numPassingAsserts": 5,
          "retryReasons": [],
          "status": "passed",
          "title": "refreshes tokens successfully when refresh token is valid"
        },
        {
          "ancestorTitles": ["Auth HTTP routes", "POST /api/auth/logout"],
          "duration": 2,
          "failureDetails": [],
          "failureMessages": [],
          "fullName": "Auth HTTP routes POST /api/auth/logout is idempotent when no refreshToken provided",
          "invocations": 1,
          "location": { "column": 5, "line": 317 },
          "numPassingAsserts": 2,
          "retryReasons": [],
          "status": "passed",
          "title": "is idempotent when no refreshToken provided"
        },
        {
          "ancestorTitles": ["Auth HTTP routes", "POST /api/auth/logout"],
          "duration": 2,
          "failureDetails": [],
          "failureMessages": [],
          "fullName": "Auth HTTP routes POST /api/auth/logout deletes matching refresh tokens when provided",
          "invocations": 1,
          "location": { "column": 5, "line": 326 },
          "numPassingAsserts": 2,
          "retryReasons": [],
          "status": "passed",
          "title": "deletes matching refresh tokens when provided"
        },
        {
          "ancestorTitles": ["Auth HTTP routes", "POST /api/auth/logout-all"],
          "duration": 1,
          "failureDetails": [],
          "failureMessages": [],
          "fullName": "Auth HTTP routes POST /api/auth/logout-all returns 400 REFRESH_TOKEN_REQUIRED when missing token",
          "invocations": 1,
          "location": { "column": 5, "line": 349 },
          "numPassingAsserts": 1,
          "retryReasons": [],
          "status": "passed",
          "title": "returns 400 REFRESH_TOKEN_REQUIRED when missing token"
        },
        {
          "ancestorTitles": ["Auth HTTP routes", "POST /api/auth/logout-all"],
          "duration": 2,
          "failureDetails": [],
          "failureMessages": [],
          "fullName": "Auth HTTP routes POST /api/auth/logout-all deletes all refresh tokens for the user when token is valid",
          "invocations": 1,
          "location": { "column": 5, "line": 357 },
          "numPassingAsserts": 3,
          "retryReasons": [],
          "status": "passed",
          "title": "deletes all refresh tokens for the user when token is valid"
        },
        {
          "ancestorTitles": ["Auth HTTP routes", "Email and password reset placeholders"],
          "duration": 2,
          "failureDetails": [{}],
          "failureMessages": [
            "Error: expected 200 \"OK\", got 400 \"Bad Request\"\n    at Object.<anonymous> (/Users/armand/Development/RingRift/tests/unit/auth.routes.test.ts:391:10)\n    at Promise.then.completed (/Users/armand/Development/RingRift/node_modules/jest-circus/build/utils.js:298:28)\n    at new Promise (<anonymous>)\n    at callAsyncCircusFn (/Users/armand/Development/RingRift/node_modules/jest-circus/build/utils.js:231:10)\n    at _callCircusTest (/Users/armand/Development/RingRift/node_modules/jest-circus/build/run.js:316:40)\n    at processTicksAndRejections (node:internal/process/task_queues:105:5)\n    at _runTest (/Users/armand/Development/RingRift/node_modules/jest-circus/build/run.js:252:3)\n    at _runTestsForDescribeBlock (/Users/armand/Development/RingRift/node_modules/jest-circus/build/run.js:126:9)\n    at _runTestsForDescribeBlock (/Users/armand/Development/RingRift/node_modules/jest-circus/build/run.js:121:9)\n    at _runTestsForDescribeBlock (/Users/armand/Development/RingRift/node_modules/jest-circus/build/run.js:121:9)\n    at run (/Users/armand/Development/RingRift/node_modules/jest-circus/build/run.js:71:3)\n    at runAndTransformResultsToJestFormat (/Users/armand/Development/RingRift/node_modules/jest-circus/build/legacy-code-todo-rewrite/jestAdapterInit.js:122:21)\n    at jestAdapter (/Users/armand/Development/RingRift/node_modules/jest-circus/build/legacy-code-todo-rewrite/jestAdapter.js:79:19)\n    at runTestInternal (/Users/armand/Development/RingRift/node_modules/jest-runner/build/runTest.js:367:16)\n    at runTest (/Users/armand/Development/RingRift/node_modules/jest-runner/build/runTest.js:444:34)\n----\n    at Test._assertStatus (/Users/armand/Development/RingRift/node_modules/supertest/lib/test.js:252:14)\n    at /Users/armand/Development/RingRift/node_modules/supertest/lib/test.js:308:13\n    at Test._assertFunction (/Users/armand/Development/RingRift/node_modules/supertest/lib/test.js:285:13)\n    at Test.assert (/Users/armand/Development/RingRift/node_modules/supertest/lib/test.js:164:23)\n    at Server.localAssert (/Users/armand/Development/RingRift/node_modules/supertest/lib/test.js:120:14)\n    at Object.onceWrapper (node:events:627:28)\n    at Server.emit (node:events:513:28)\n    at emitCloseNT (node:net:2416:8)\n    at processTicksAndRejections (node:internal/process/task_queues:89:21)"
          ],
          "fullName": "Auth HTTP routes Email and password reset placeholders verify-email returns not implemented message",
          "invocations": 1,
          "location": { "column": 5, "line": 385 },
          "numPassingAsserts": 0,
          "retryReasons": [],
          "status": "failed",
          "title": "verify-email returns not implemented message"
        },
        {
          "ancestorTitles": ["Auth HTTP routes", "Email and password reset placeholders"],
          "duration": 3,
          "failureDetails": [
            {
              "matcherResult": {
                "message": "expect(received).toMatch(expected)\n\nExpected pattern: /not implemented/i\nReceived string:  \"If an account exists with this email, a password reset link has been sent.\"",
                "pass": false
              }
            }
          ],
          "failureMessages": [
            "Error: expect(received).toMatch(expected)\n\nExpected pattern: /not implemented/i\nReceived string:  \"If an account exists with this email, a password reset link has been sent.\"\n    at Object.<anonymous> (/Users/armand/Development/RingRift/tests/unit/auth.routes.test.ts:406:32)\n    at processTicksAndRejections (node:internal/process/task_queues:105:5)"
          ],
          "fullName": "Auth HTTP routes Email and password reset placeholders forgot-password returns not implemented message",
          "invocations": 1,
          "location": { "column": 5, "line": 397 },
          "numPassingAsserts": 1,
          "retryReasons": [],
          "status": "failed",
          "title": "forgot-password returns not implemented message"
        },
        {
          "ancestorTitles": ["Auth HTTP routes", "Email and password reset placeholders"],
          "duration": 2,
          "failureDetails": [{}],
          "failureMessages": [
            "Error: expected 200 \"OK\", got 400 \"Bad Request\"\n    at Object.<anonymous> (/Users/armand/Development/RingRift/tests/unit/auth.routes.test.ts:415:10)\n    at Promise.then.completed (/Users/armand/Development/RingRift/node_modules/jest-circus/build/utils.js:298:28)\n    at new Promise (<anonymous>)\n    at callAsyncCircusFn (/Users/armand/Development/RingRift/node_modules/jest-circus/build/utils.js:231:10)\n    at _callCircusTest (/Users/armand/Development/RingRift/node_modules/jest-circus/build/run.js:316:40)\n    at processTicksAndRejections (node:internal/process/task_queues:105:5)\n    at _runTest (/Users/armand/Development/RingRift/node_modules/jest-circus/build/run.js:252:3)\n    at _runTestsForDescribeBlock (/Users/armand/Development/RingRift/node_modules/jest-circus/build/run.js:126:9)\n    at _runTestsForDescribeBlock (/Users/armand/Development/RingRift/node_modules/jest-circus/build/run.js:121:9)\n    at _runTestsForDescribeBlock (/Users/armand/Development/RingRift/node_modules/jest-circus/build/run.js:121:9)\n    at run (/Users/armand/Development/RingRift/node_modules/jest-circus/build/run.js:71:3)\n    at runAndTransformResultsToJestFormat (/Users/armand/Development/RingRift/node_modules/jest-circus/build/legacy-code-todo-rewrite/jestAdapterInit.js:122:21)\n    at jestAdapter (/Users/armand/Development/RingRift/node_modules/jest-circus/build/legacy-code-todo-rewrite/jestAdapter.js:79:19)\n    at runTestInternal (/Users/armand/Development/RingRift/node_modules/jest-runner/build/runTest.js:367:16)\n    at runTest (/Users/armand/Development/RingRift/node_modules/jest-runner/build/runTest.js:444:34)\n----\n    at Test._assertStatus (/Users/armand/Development/RingRift/node_modules/supertest/lib/test.js:252:14)\n    at /Users/armand/Development/RingRift/node_modules/supertest/lib/test.js:308:13\n    at Test._assertFunction (/Users/armand/Development/RingRift/node_modules/supertest/lib/test.js:285:13)\n    at Test.assert (/Users/armand/Development/RingRift/node_modules/supertest/lib/test.js:164:23)\n    at Server.localAssert (/Users/armand/Development/RingRift/node_modules/supertest/lib/test.js:120:14)\n    at Object.onceWrapper (node:events:627:28)\n    at Server.emit (node:events:513:28)\n    at emitCloseNT (node:net:2416:8)\n    at processTicksAndRejections (node:internal/process/task_queues:89:21)"
          ],
          "fullName": "Auth HTTP routes Email and password reset placeholders reset-password returns not implemented message",
          "invocations": 1,
          "location": { "column": 5, "line": 409 },
          "numPassingAsserts": 0,
          "retryReasons": [],
          "status": "failed",
          "title": "reset-password returns not implemented message"
        }
      ],
      "endTime": 1763771281940,
      "message": "  ● Auth HTTP routes › Email and password reset placeholders › verify-email returns not implemented message\n\n    expected 200 \"OK\", got 400 \"Bad Request\"\n\n      389 |         .post('/api/auth/verify-email')\n      390 |         .send({ token: 'dummy' })\n    > 391 |         .expect(200);\n          |          ^\n      392 |\n      393 |       expect(res.body.success).toBe(true);\n      394 |       expect(res.body.message).toMatch(/not implemented/i);\n\n      at Object.<anonymous> (tests/unit/auth.routes.test.ts:391:10)\n      ----\n      at Test._assertStatus (node_modules/supertest/lib/test.js:252:14)\n      at node_modules/supertest/lib/test.js:308:13\n      at Test._assertFunction (node_modules/supertest/lib/test.js:285:13)\n      at Test.assert (node_modules/supertest/lib/test.js:164:23)\n      at Server.localAssert (node_modules/supertest/lib/test.js:120:14)\n\n  ● Auth HTTP routes › Email and password reset placeholders › forgot-password returns not implemented message\n\n    expect(received).toMatch(expected)\n\n    Expected pattern: /not implemented/i\n    Received string:  \"If an account exists with this email, a password reset link has been sent.\"\n\n      404 |\n      405 |       expect(res.body.success).toBe(true);\n    > 406 |       expect(res.body.message).toMatch(/not implemented/i);\n          |                                ^\n      407 |     });\n      408 |\n      409 |     it('reset-password returns not implemented message', async () => {\n\n      at Object.<anonymous> (tests/unit/auth.routes.test.ts:406:32)\n\n  ● Auth HTTP routes › Email and password reset placeholders › reset-password returns not implemented message\n\n    expected 200 \"OK\", got 400 \"Bad Request\"\n\n      413 |         .post('/api/auth/reset-password')\n      414 |         .send({ token: 'dummy', newPassword: 'new-Secret123' })\n    > 415 |         .expect(200);\n          |          ^\n      416 |\n      417 |       expect(res.body.success).toBe(true);\n      418 |       expect(res.body.message).toMatch(/not implemented/i);\n\n      at Object.<anonymous> (tests/unit/auth.routes.test.ts:415:10)\n      ----\n      at Test._assertStatus (node_modules/supertest/lib/test.js:252:14)\n      at node_modules/supertest/lib/test.js:308:13\n      at Test._assertFunction (node_modules/supertest/lib/test.js:285:13)\n      at Test.assert (node_modules/supertest/lib/test.js:164:23)\n      at Server.localAssert (node_modules/supertest/lib/test.js:120:14)\n",
      "name": "/Users/armand/Development/RingRift/tests/unit/auth.routes.test.ts",
      "startTime": 1763771281609,
      "status": "failed",
      "summary": ""
    },
    {
      "assertionResults": [
        {
          "ancestorTitles": ["Sandbox vs Backend AI heuristic coverage (square8 focus)"],
          "duration": 53,
          "failureDetails": [{}],
          "failureMessages": [
            "Error: Sandbox AI move is not legal according to backend getValidMoves; scenario=square8 with 2 AI players, run=1, seed=2, step=11, player=2, sandboxMove=type=overtaking_capture,player=2,from=6,7,to=6,3,captureTarget=6,6, backendMovesCount=9\nbackend movement-like moves for player 2 (total 8):\n  all movement-like moves: type=move_stack,player=2,from=6,7,to=0,1 | type=move_stack,player=2,from=6,7,to=0,7 | type=move_stack,player=2,from=6,7,to=1,2 | type=move_stack,player=2,from=6,7,to=1,7 | type=move_stack,player=2,from=6,7,to=2,3 | type=move_stack,player=2,from=6,7,to=2,7 | type=move_stack,player=2,from=6,7,to=3,4 | type=move_stack,player=2,from=6,7,to=3,7\n  movement-like moves from sandboxMove.from=6,7 (total 8):\n    type=move_stack,player=2,from=6,7,to=0,1 | type=move_stack,player=2,from=6,7,to=0,7 | type=move_stack,player=2,from=6,7,to=1,2 | type=move_stack,player=2,from=6,7,to=1,7 | type=move_stack,player=2,from=6,7,to=2,3 | type=move_stack,player=2,from=6,7,to=2,7 | type=move_stack,player=2,from=6,7,to=3,4 | type=move_stack,player=2,from=6,7,to=3,7\nboardSlice: from=6,7 rowY=7 colX=6\n  stacksOnRow: [{\"key\":\"0,7\",\"rings\":[1,1,1],\"capHeight\":3,\"controllingPlayer\":1},{\"key\":\"6,7\",\"rings\":[2,2,2],\"capHeight\":3,\"controllingPlayer\":2}]\n  stacksOnCol: [{\"key\":\"6,6\",\"rings\":[2,2,2],\"capHeight\":3,\"controllingPlayer\":2},{\"key\":\"6,7\",\"rings\":[2,2,2],\"capHeight\":3,\"controllingPlayer\":2}]\n  markers: [{\"key\":\"3,0\",\"player\":1},{\"key\":\"4,2\",\"player\":2},{\"key\":\"6,2\",\"player\":2},{\"key\":\"5,2\",\"player\":1}]\n  collapsedSpaces: [{\"key\":\"2,5\",\"owner\":1}]\n    at Object.<anonymous> (/Users/armand/Development/RingRift/tests/unit/Sandbox_vs_Backend.aiHeuristicCoverage.test.ts:643:25)"
          ],
          "fullName": "Sandbox vs Backend AI heuristic coverage (square8 focus) square8 with 2 AI players: sandbox AI moves are always legal according to backend getValidMoves on early turns",
          "invocations": 1,
          "location": { "column": 7, "line": 519 },
          "numPassingAsserts": 0,
          "retryReasons": [],
          "status": "failed",
          "title": "square8 with 2 AI players: sandbox AI moves are always legal according to backend getValidMoves on early turns"
        },
        {
          "ancestorTitles": ["Sandbox vs Backend AI heuristic coverage (square8 focus)"],
          "duration": 23,
          "failureDetails": [{}],
          "failureMessages": [
            "Error: Sandbox AI move is not legal according to backend getValidMoves; scenario=square8 with 3 AI players, run=0, seed=1001, step=15, player=2, sandboxMove=type=overtaking_capture,player=2,from=0,5,to=3,5,captureTarget=1,5, backendMovesCount=8\nbackend movement-like moves for player 2 (total 7):\n  all movement-like moves: type=move_stack,player=2,from=0,5,to=0,3 | type=move_stack,player=2,from=0,5,to=0,7 | type=move_stack,player=2,from=0,5,to=2,3 | type=move_stack,player=2,from=0,5,to=2,7 | type=move_stack,player=2,from=0,5,to=3,2 | type=move_stack,player=2,from=0,5,to=4,1 | type=move_stack,player=2,from=0,5,to=5,0\n  movement-like moves from sandboxMove.from=0,5 (total 7):\n    type=move_stack,player=2,from=0,5,to=0,3 | type=move_stack,player=2,from=0,5,to=0,7 | type=move_stack,player=2,from=0,5,to=2,3 | type=move_stack,player=2,from=0,5,to=2,7 | type=move_stack,player=2,from=0,5,to=3,2 | type=move_stack,player=2,from=0,5,to=4,1 | type=move_stack,player=2,from=0,5,to=5,0\nboardSlice: from=0,5 rowY=5 colX=0\n  stacksOnRow: [{\"key\":\"1,5\",\"rings\":[1],\"capHeight\":1,\"controllingPlayer\":1},{\"key\":\"0,5\",\"rings\":[2,2],\"capHeight\":2,\"controllingPlayer\":2}]\n  stacksOnCol: [{\"key\":\"0,3\",\"rings\":[3,3,3],\"capHeight\":3,\"controllingPlayer\":3},{\"key\":\"0,5\",\"rings\":[2,2],\"capHeight\":2,\"controllingPlayer\":2}]\n  markers: [{\"key\":\"1,4\",\"player\":2},{\"key\":\"5,4\",\"player\":2},{\"key\":\"2,6\",\"player\":3},{\"key\":\"7,7\",\"player\":1},{\"key\":\"1,7\",\"player\":2},{\"key\":\"4,3\",\"player\":3},{\"key\":\"0,4\",\"player\":1}]\n  collapsedSpaces: []\n    at Object.<anonymous> (/Users/armand/Development/RingRift/tests/unit/Sandbox_vs_Backend.aiHeuristicCoverage.test.ts:643:25)"
          ],
          "fullName": "Sandbox vs Backend AI heuristic coverage (square8 focus) square8 with 3 AI players: sandbox AI moves are always legal according to backend getValidMoves on early turns",
          "invocations": 1,
          "location": { "column": 7, "line": 519 },
          "numPassingAsserts": 0,
          "retryReasons": [],
          "status": "failed",
          "title": "square8 with 3 AI players: sandbox AI moves are always legal according to backend getValidMoves on early turns"
        },
        {
          "ancestorTitles": ["Sandbox vs Backend AI heuristic coverage (square8 focus)"],
          "duration": 17,
          "failureDetails": [{}],
          "failureMessages": [
            "Error: Unexpected mismatch before target step; step=11, sandboxMove=type=overtaking_capture,player=2,from=6,4,to=6,7,captureTarget=6,5, backendMovesCount=13\n    at Object.<anonymous> (/Users/armand/Development/RingRift/tests/unit/Sandbox_vs_Backend.aiHeuristicCoverage.test.ts:840:19)"
          ],
          "fullName": "Sandbox vs Backend AI heuristic coverage (square8 focus) DIAGNOSTIC ONLY: shared-core capture enumeration for square8 / 2 AI players / seed=17 at step=15",
          "invocations": 1,
          "location": { "column": 3, "line": 676 },
          "numPassingAsserts": 0,
          "retryReasons": [],
          "status": "failed",
          "title": "DIAGNOSTIC ONLY: shared-core capture enumeration for square8 / 2 AI players / seed=17 at step=15"
        },
        {
          "ancestorTitles": ["Sandbox vs Backend AI heuristic coverage (square8 focus)"],
          "duration": 19,
          "failureDetails": [{}],
          "failureMessages": [
            "Error: Sandbox AI move is not legal according to backend getValidMoves (deep-seed run); scenario=square8 with 2 AI players (deep seed 14), seed=14, step=13, player=1, sandboxMove=type=overtaking_capture,player=1,from=6,5,to=6,1,captureTarget=6,4, backendMovesCount=12\nbackend movement-like moves for player 1 (total 11):\n  all movement-like moves: type=move_stack,player=1,from=6,5,to=0,5 | type=move_stack,player=1,from=6,5,to=1,0 | type=move_stack,player=1,from=6,5,to=1,5 | type=move_stack,player=1,from=6,5,to=2,1 | type=move_stack,player=1,from=6,5,to=2,5 | type=move_stack,player=1,from=6,5,to=3,2 | type=move_stack,player=1,from=6,5,to=3,5 | type=move_stack,player=1,from=6,5,to=4,3 | type=move_stack,player=1,from=6,5,to=4,5 | type=move_stack,player=1,from=6,5,to=4,7 | type=move_stack,player=1,from=6,5,to=6,7\n  movement-like moves from sandboxMove.from=6,5 (total 11):\n    type=move_stack,player=1,from=6,5,to=0,5 | type=move_stack,player=1,from=6,5,to=1,0 | type=move_stack,player=1,from=6,5,to=1,5 | type=move_stack,player=1,from=6,5,to=2,1 | type=move_stack,player=1,from=6,5,to=2,5 | type=move_stack,player=1,from=6,5,to=3,2 | type=move_stack,player=1,from=6,5,to=3,5 | type=move_stack,player=1,from=6,5,to=4,3 | type=move_stack,player=1,from=6,5,to=4,5 | type=move_stack,player=1,from=6,5,to=4,7 | type=move_stack,player=1,from=6,5,to=6,7\n    at Object.<anonymous> (/Users/armand/Development/RingRift/tests/unit/Sandbox_vs_Backend.aiHeuristicCoverage.test.ts:943:19)"
          ],
          "fullName": "Sandbox vs Backend AI heuristic coverage (square8 focus) square8 with 2 AI players / seed=14: sandbox AI moves remain legal and not under-covered up to 2000 steps",
          "invocations": 1,
          "location": { "column": 3, "line": 865 },
          "numPassingAsserts": 0,
          "retryReasons": [],
          "status": "failed",
          "title": "square8 with 2 AI players / seed=14: sandbox AI moves remain legal and not under-covered up to 2000 steps"
        },
        {
          "ancestorTitles": ["Sandbox vs Backend AI heuristic coverage (square8 focus)"],
          "duration": 24,
          "failureDetails": [{}],
          "failureMessages": [
            "Error: Sandbox AI move is not legal according to backend getValidMoves (deep-seed run); scenario=square8 with 2 AI players (deep seed 5), seed=5, step=17, player=1, sandboxMove=type=overtaking_capture,player=1,from=1,1,to=5,1,captureTarget=3,1, backendMovesCount=8\nbackend movement-like moves for player 1 (total 7):\n  all movement-like moves: type=move_stack,player=1,from=1,1,to=1,4 | type=move_stack,player=1,from=1,1,to=1,5 | type=move_stack,player=1,from=1,1,to=1,6 | type=move_stack,player=1,from=1,1,to=4,4 | type=move_stack,player=1,from=1,1,to=5,5 | type=move_stack,player=1,from=1,1,to=6,6 | type=move_stack,player=1,from=1,1,to=7,7\n  movement-like moves from sandboxMove.from=1,1 (total 7):\n    type=move_stack,player=1,from=1,1,to=1,4 | type=move_stack,player=1,from=1,1,to=1,5 | type=move_stack,player=1,from=1,1,to=1,6 | type=move_stack,player=1,from=1,1,to=4,4 | type=move_stack,player=1,from=1,1,to=5,5 | type=move_stack,player=1,from=1,1,to=6,6 | type=move_stack,player=1,from=1,1,to=7,7\n    at Object.<anonymous> (/Users/armand/Development/RingRift/tests/unit/Sandbox_vs_Backend.aiHeuristicCoverage.test.ts:1045:19)"
          ],
          "fullName": "Sandbox vs Backend AI heuristic coverage (square8 focus) square8 with 2 AI players / seed=5: sandbox AI moves remain legal and not under-covered up to 2000 steps",
          "invocations": 1,
          "location": { "column": 3, "line": 970 },
          "numPassingAsserts": 0,
          "retryReasons": [],
          "status": "failed",
          "title": "square8 with 2 AI players / seed=5: sandbox AI moves remain legal and not under-covered up to 2000 steps"
        },
        {
          "ancestorTitles": ["Sandbox vs Backend AI heuristic coverage (square8 focus)"],
          "duration": null,
          "failureDetails": [],
          "failureMessages": [],
          "fullName": "Sandbox vs Backend AI heuristic coverage (square8 focus) DIAGNOSTIC ONLY: backend movement moves at first movement-phase turn for square8 / 2p / seed=1",
          "invocations": 1,
          "location": { "column": 8, "line": 1075 },
          "numPassingAsserts": 0,
          "retryReasons": [],
          "status": "pending",
          "title": "DIAGNOSTIC ONLY: backend movement moves at first movement-phase turn for square8 / 2p / seed=1"
        }
      ],
      "endTime": 1763771282264,
      "message": "  ● Sandbox vs Backend AI heuristic coverage (square8 focus) › square8 with 2 AI players: sandbox AI moves are always legal according to backend getValidMoves on early turns\n\n    Sandbox AI move is not legal according to backend getValidMoves; scenario=square8 with 2 AI players, run=1, seed=2, step=11, player=2, sandboxMove=type=overtaking_capture,player=2,from=6,7,to=6,3,captureTarget=6,6, backendMovesCount=9\n    backend movement-like moves for player 2 (total 8):\n      all movement-like moves: type=move_stack,player=2,from=6,7,to=0,1 | type=move_stack,player=2,from=6,7,to=0,7 | type=move_stack,player=2,from=6,7,to=1,2 | type=move_stack,player=2,from=6,7,to=1,7 | type=move_stack,player=2,from=6,7,to=2,3 | type=move_stack,player=2,from=6,7,to=2,7 | type=move_stack,player=2,from=6,7,to=3,4 | type=move_stack,player=2,from=6,7,to=3,7\n      movement-like moves from sandboxMove.from=6,7 (total 8):\n        type=move_stack,player=2,from=6,7,to=0,1 | type=move_stack,player=2,from=6,7,to=0,7 | type=move_stack,player=2,from=6,7,to=1,2 | type=move_stack,player=2,from=6,7,to=1,7 | type=move_stack,player=2,from=6,7,to=2,3 | type=move_stack,player=2,from=6,7,to=2,7 | type=move_stack,player=2,from=6,7,to=3,4 | type=move_stack,player=2,from=6,7,to=3,7\n    boardSlice: from=6,7 rowY=7 colX=6\n      stacksOnRow: [{\"key\":\"0,7\",\"rings\":[1,1,1],\"capHeight\":3,\"controllingPlayer\":1},{\"key\":\"6,7\",\"rings\":[2,2,2],\"capHeight\":3,\"controllingPlayer\":2}]\n      stacksOnCol: [{\"key\":\"6,6\",\"rings\":[2,2,2],\"capHeight\":3,\"controllingPlayer\":2},{\"key\":\"6,7\",\"rings\":[2,2,2],\"capHeight\":3,\"controllingPlayer\":2}]\n      markers: [{\"key\":\"3,0\",\"player\":1},{\"key\":\"4,2\",\"player\":2},{\"key\":\"6,2\",\"player\":2},{\"key\":\"5,2\",\"player\":1}]\n      collapsedSpaces: [{\"key\":\"2,5\",\"owner\":1}]\n\n      641 |                   );\n      642 |\n    > 643 |                   throw new Error(\n          |                         ^\n      644 |                     `Sandbox AI move is not legal according to backend getValidMoves; ` +\n      645 |                       `scenario=${scenarioLabel}, run=${run}, seed=${seed}, step=${step}, player=${currentPlayer}, ` +\n      646 |                       `sandboxMove=${describeMoveForLog(sandboxMove)}, backendMovesCount=${backendMoves.length}` +\n\n      at Object.<anonymous> (tests/unit/Sandbox_vs_Backend.aiHeuristicCoverage.test.ts:643:25)\n\n  ● Sandbox vs Backend AI heuristic coverage (square8 focus) › square8 with 3 AI players: sandbox AI moves are always legal according to backend getValidMoves on early turns\n\n    Sandbox AI move is not legal according to backend getValidMoves; scenario=square8 with 3 AI players, run=0, seed=1001, step=15, player=2, sandboxMove=type=overtaking_capture,player=2,from=0,5,to=3,5,captureTarget=1,5, backendMovesCount=8\n    backend movement-like moves for player 2 (total 7):\n      all movement-like moves: type=move_stack,player=2,from=0,5,to=0,3 | type=move_stack,player=2,from=0,5,to=0,7 | type=move_stack,player=2,from=0,5,to=2,3 | type=move_stack,player=2,from=0,5,to=2,7 | type=move_stack,player=2,from=0,5,to=3,2 | type=move_stack,player=2,from=0,5,to=4,1 | type=move_stack,player=2,from=0,5,to=5,0\n      movement-like moves from sandboxMove.from=0,5 (total 7):\n        type=move_stack,player=2,from=0,5,to=0,3 | type=move_stack,player=2,from=0,5,to=0,7 | type=move_stack,player=2,from=0,5,to=2,3 | type=move_stack,player=2,from=0,5,to=2,7 | type=move_stack,player=2,from=0,5,to=3,2 | type=move_stack,player=2,from=0,5,to=4,1 | type=move_stack,player=2,from=0,5,to=5,0\n    boardSlice: from=0,5 rowY=5 colX=0\n      stacksOnRow: [{\"key\":\"1,5\",\"rings\":[1],\"capHeight\":1,\"controllingPlayer\":1},{\"key\":\"0,5\",\"rings\":[2,2],\"capHeight\":2,\"controllingPlayer\":2}]\n      stacksOnCol: [{\"key\":\"0,3\",\"rings\":[3,3,3],\"capHeight\":3,\"controllingPlayer\":3},{\"key\":\"0,5\",\"rings\":[2,2],\"capHeight\":2,\"controllingPlayer\":2}]\n      markers: [{\"key\":\"1,4\",\"player\":2},{\"key\":\"5,4\",\"player\":2},{\"key\":\"2,6\",\"player\":3},{\"key\":\"7,7\",\"player\":1},{\"key\":\"1,7\",\"player\":2},{\"key\":\"4,3\",\"player\":3},{\"key\":\"0,4\",\"player\":1}]\n      collapsedSpaces: []\n\n      641 |                   );\n      642 |\n    > 643 |                   throw new Error(\n          |                         ^\n      644 |                     `Sandbox AI move is not legal according to backend getValidMoves; ` +\n      645 |                       `scenario=${scenarioLabel}, run=${run}, seed=${seed}, step=${step}, player=${currentPlayer}, ` +\n      646 |                       `sandboxMove=${describeMoveForLog(sandboxMove)}, backendMovesCount=${backendMoves.length}` +\n\n      at Object.<anonymous> (tests/unit/Sandbox_vs_Backend.aiHeuristicCoverage.test.ts:643:25)\n\n  ● Sandbox vs Backend AI heuristic coverage (square8 focus) › DIAGNOSTIC ONLY: shared-core capture enumeration for square8 / 2 AI players / seed=17 at step=15\n\n    Unexpected mismatch before target step; step=11, sandboxMove=type=overtaking_capture,player=2,from=6,4,to=6,7,captureTarget=6,5, backendMovesCount=13\n\n      838 |\n      839 |           if (!matchingBackendMove) {\n    > 840 |             throw new Error(\n          |                   ^\n      841 |               `Unexpected mismatch before target step; step=${step}, ` +\n      842 |                 `sandboxMove=${describeMoveForLog(\n      843 |                   sandboxMove\n\n      at Object.<anonymous> (tests/unit/Sandbox_vs_Backend.aiHeuristicCoverage.test.ts:840:19)\n\n  ● Sandbox vs Backend AI heuristic coverage (square8 focus) › square8 with 2 AI players / seed=14: sandbox AI moves remain legal and not under-covered up to 2000 steps\n\n    Sandbox AI move is not legal according to backend getValidMoves (deep-seed run); scenario=square8 with 2 AI players (deep seed 14), seed=14, step=13, player=1, sandboxMove=type=overtaking_capture,player=1,from=6,5,to=6,1,captureTarget=6,4, backendMovesCount=12\n    backend movement-like moves for player 1 (total 11):\n      all movement-like moves: type=move_stack,player=1,from=6,5,to=0,5 | type=move_stack,player=1,from=6,5,to=1,0 | type=move_stack,player=1,from=6,5,to=1,5 | type=move_stack,player=1,from=6,5,to=2,1 | type=move_stack,player=1,from=6,5,to=2,5 | type=move_stack,player=1,from=6,5,to=3,2 | type=move_stack,player=1,from=6,5,to=3,5 | type=move_stack,player=1,from=6,5,to=4,3 | type=move_stack,player=1,from=6,5,to=4,5 | type=move_stack,player=1,from=6,5,to=4,7 | type=move_stack,player=1,from=6,5,to=6,7\n      movement-like moves from sandboxMove.from=6,5 (total 11):\n        type=move_stack,player=1,from=6,5,to=0,5 | type=move_stack,player=1,from=6,5,to=1,0 | type=move_stack,player=1,from=6,5,to=1,5 | type=move_stack,player=1,from=6,5,to=2,1 | type=move_stack,player=1,from=6,5,to=2,5 | type=move_stack,player=1,from=6,5,to=3,2 | type=move_stack,player=1,from=6,5,to=3,5 | type=move_stack,player=1,from=6,5,to=4,3 | type=move_stack,player=1,from=6,5,to=4,5 | type=move_stack,player=1,from=6,5,to=4,7 | type=move_stack,player=1,from=6,5,to=6,7\n\n      941 |             const debugInfo = buildBackendMovementSummaryForMismatch(sandboxMove, backendMoves);\n      942 |\n    > 943 |             throw new Error(\n          |                   ^\n      944 |               `Sandbox AI move is not legal according to backend getValidMoves (deep-seed run); ` +\n      945 |                 `scenario=${scenarioLabel}, seed=${seed}, step=${step}, player=${currentPlayer}, ` +\n      946 |                 `sandboxMove=${describeMoveForLog(sandboxMove)}, backendMovesCount=${backendMoves.length}` +\n\n      at Object.<anonymous> (tests/unit/Sandbox_vs_Backend.aiHeuristicCoverage.test.ts:943:19)\n\n  ● Sandbox vs Backend AI heuristic coverage (square8 focus) › square8 with 2 AI players / seed=5: sandbox AI moves remain legal and not under-covered up to 2000 steps\n\n    Sandbox AI move is not legal according to backend getValidMoves (deep-seed run); scenario=square8 with 2 AI players (deep seed 5), seed=5, step=17, player=1, sandboxMove=type=overtaking_capture,player=1,from=1,1,to=5,1,captureTarget=3,1, backendMovesCount=8\n    backend movement-like moves for player 1 (total 7):\n      all movement-like moves: type=move_stack,player=1,from=1,1,to=1,4 | type=move_stack,player=1,from=1,1,to=1,5 | type=move_stack,player=1,from=1,1,to=1,6 | type=move_stack,player=1,from=1,1,to=4,4 | type=move_stack,player=1,from=1,1,to=5,5 | type=move_stack,player=1,from=1,1,to=6,6 | type=move_stack,player=1,from=1,1,to=7,7\n      movement-like moves from sandboxMove.from=1,1 (total 7):\n        type=move_stack,player=1,from=1,1,to=1,4 | type=move_stack,player=1,from=1,1,to=1,5 | type=move_stack,player=1,from=1,1,to=1,6 | type=move_stack,player=1,from=1,1,to=4,4 | type=move_stack,player=1,from=1,1,to=5,5 | type=move_stack,player=1,from=1,1,to=6,6 | type=move_stack,player=1,from=1,1,to=7,7\n\n      1043 |             const debugInfo = buildBackendMovementSummaryForMismatch(sandboxMove, backendMoves);\n      1044 |\n    > 1045 |             throw new Error(\n           |                   ^\n      1046 |               `Sandbox AI move is not legal according to backend getValidMoves (deep-seed run); ` +\n      1047 |                 `scenario=${scenarioLabel}, seed=${seed}, step=${step}, player=${currentPlayer}, ` +\n      1048 |                 `sandboxMove=${describeMoveForLog(sandboxMove)}, backendMovesCount=${backendMoves.length}` +\n\n      at Object.<anonymous> (tests/unit/Sandbox_vs_Backend.aiHeuristicCoverage.test.ts:1045:19)\n",
      "name": "/Users/armand/Development/RingRift/tests/unit/Sandbox_vs_Backend.aiHeuristicCoverage.test.ts",
      "startTime": 1763771281943,
      "status": "failed",
      "summary": ""
    },
    {
      "assertionResults": [
        {
          "ancestorTitles": ["RulesMatrix Comprehensive Scenarios", "Movement Axis (M1-M3)"],
          "duration": 0,
          "failureDetails": [],
          "failureMessages": [],
          "fullName": "RulesMatrix Comprehensive Scenarios Movement Axis (M1-M3) M1: Rules_8_2_Q2_minimum_distance_square8",
          "invocations": 1,
          "location": { "column": 5, "line": 130 },
          "numPassingAsserts": 2,
          "retryReasons": [],
          "status": "passed",
          "title": "M1: Rules_8_2_Q2_minimum_distance_square8"
        },
        {
          "ancestorTitles": ["RulesMatrix Comprehensive Scenarios", "Movement Axis (M1-M3)"],
          "duration": 8,
          "failureDetails": [
            {
              "matcherResult": {
                "actual": false,
                "expected": true,
                "message": "expect(received).toBe(expected) // Object.is equality\n\nExpected: true\nReceived: false",
                "name": "toBe",
                "pass": false
              }
            }
          ],
          "failureMessages": [
            "Error: expect(received).toBe(expected) // Object.is equality\n\nExpected: true\nReceived: false\n    at Object.<anonymous> (/Users/armand/Development/RingRift/tests/scenarios/RulesMatrix.Comprehensive.test.ts:196:34)"
          ],
          "fullName": "RulesMatrix Comprehensive Scenarios Movement Axis (M1-M3) M2: Rules_8_2_Q2_markers_any_valid_space_beyond_square8",
          "invocations": 1,
          "location": { "column": 5, "line": 155 },
          "numPassingAsserts": 2,
          "retryReasons": [],
          "status": "failed",
          "title": "M2: Rules_8_2_Q2_markers_any_valid_space_beyond_square8"
        },
        {
          "ancestorTitles": ["RulesMatrix Comprehensive Scenarios", "Movement Axis (M1-M3)"],
          "duration": 0,
          "failureDetails": [],
          "failureMessages": [],
          "fullName": "RulesMatrix Comprehensive Scenarios Movement Axis (M1-M3) M3: Rules_9_10_overtaking_capture_vs_move_stack_parity",
          "invocations": 1,
          "location": { "column": 5, "line": 233 },
          "numPassingAsserts": 1,
          "retryReasons": [],
          "status": "passed",
          "title": "M3: Rules_9_10_overtaking_capture_vs_move_stack_parity"
        },
        {
          "ancestorTitles": ["RulesMatrix Comprehensive Scenarios", "Chain Capture Axis (C1-C3)"],
          "duration": 1,
          "failureDetails": [],
          "failureMessages": [],
          "fullName": "RulesMatrix Comprehensive Scenarios Chain Capture Axis (C1-C3) C1: Rules_10_3_Q15_3_1_180_degree_reversal_basic",
          "invocations": 1,
          "location": { "column": 5, "line": 261 },
          "numPassingAsserts": 3,
          "retryReasons": [],
          "status": "passed",
          "title": "C1: Rules_10_3_Q15_3_1_180_degree_reversal_basic"
        },
        {
          "ancestorTitles": ["RulesMatrix Comprehensive Scenarios", "Chain Capture Axis (C1-C3)"],
          "duration": 2,
          "failureDetails": [
            {
              "matcherResult": {
                "actual": false,
                "expected": true,
                "message": "expect(received).toBe(expected) // Object.is equality\n\nExpected: true\nReceived: false",
                "name": "toBe",
                "pass": false
              }
            }
          ],
          "failureMessages": [
            "Error: expect(received).toBe(expected) // Object.is equality\n\nExpected: true\nReceived: false\n    at Object.<anonymous> (/Users/armand/Development/RingRift/tests/scenarios/RulesMatrix.Comprehensive.test.ts:685:29)"
          ],
          "fullName": "RulesMatrix Comprehensive Scenarios Chain Capture Axis (C1-C3) C2: Rules_10_3_Q15_3_2_cyclic_pattern_triangle_loop",
          "invocations": 1,
          "location": { "column": 5, "line": 309 },
          "numPassingAsserts": 5,
          "retryReasons": [],
          "status": "failed",
          "title": "C2: Rules_10_3_Q15_3_2_cyclic_pattern_triangle_loop"
        },
        {
          "ancestorTitles": ["RulesMatrix Comprehensive Scenarios", "Lines Axis (L1-L4)"],
          "duration": 0,
          "failureDetails": [],
          "failureMessages": [],
          "fullName": "RulesMatrix Comprehensive Scenarios Lines Axis (L1-L4) L1: Rules_11_2_Q7_exact_length_line",
          "invocations": 1,
          "location": { "column": 5, "line": 697 },
          "numPassingAsserts": 2,
          "retryReasons": [],
          "status": "passed",
          "title": "L1: Rules_11_2_Q7_exact_length_line"
        },
        {
          "ancestorTitles": ["RulesMatrix Comprehensive Scenarios", "Lines Axis (L1-L4)"],
          "duration": 1,
          "failureDetails": [],
          "failureMessages": [],
          "fullName": "RulesMatrix Comprehensive Scenarios Lines Axis (L1-L4) L2: Rules_11_3_Q22_overlength_line_option2_default",
          "invocations": 1,
          "location": { "column": 5, "line": 756 },
          "numPassingAsserts": 2,
          "retryReasons": [],
          "status": "passed",
          "title": "L2: Rules_11_3_Q22_overlength_line_option2_default"
        },
        {
          "ancestorTitles": ["RulesMatrix Comprehensive Scenarios", "Territory Axis (T1-T4)"],
          "duration": 0,
          "failureDetails": [],
          "failureMessages": [],
          "fullName": "RulesMatrix Comprehensive Scenarios Territory Axis (T1-T4) T3: Rules_12_2_Q23_region_not_processed_without_self_elimination_square19",
          "invocations": 1,
          "location": { "column": 5, "line": 809 },
          "numPassingAsserts": 2,
          "retryReasons": [],
          "status": "passed",
          "title": "T3: Rules_12_2_Q23_region_not_processed_without_self_elimination_square19"
        },
        {
          "ancestorTitles": ["RulesMatrix Comprehensive Scenarios", "Victory Axis (V1-V2)"],
          "duration": 1,
          "failureDetails": [],
          "failureMessages": [],
          "fullName": "RulesMatrix Comprehensive Scenarios Victory Axis (V1-V2) V1: Victory by Ring Elimination",
          "invocations": 1,
          "location": { "column": 5, "line": 850 },
          "numPassingAsserts": 3,
          "retryReasons": [],
          "status": "passed",
          "title": "V1: Victory by Ring Elimination"
        },
        {
          "ancestorTitles": ["RulesMatrix Comprehensive Scenarios", "Victory Axis (V1-V2)"],
          "duration": 3,
          "failureDetails": [
            {
              "matcherResult": {
                "message": "expect(received).toBeGreaterThan(expected)\n\nExpected: > 0\nReceived:   0",
                "pass": false
              }
            }
          ],
          "failureMessages": [
            "Error: expect(received).toBeGreaterThan(expected)\n\nExpected: > 0\nReceived:   0\n    at Object.<anonymous> (/Users/armand/Development/RingRift/tests/scenarios/RulesMatrix.Comprehensive.test.ts:982:54)\n    at Promise.then.completed (/Users/armand/Development/RingRift/node_modules/jest-circus/build/utils.js:298:28)\n    at new Promise (<anonymous>)\n    at callAsyncCircusFn (/Users/armand/Development/RingRift/node_modules/jest-circus/build/utils.js:231:10)\n    at _callCircusTest (/Users/armand/Development/RingRift/node_modules/jest-circus/build/run.js:316:40)\n    at _runTest (/Users/armand/Development/RingRift/node_modules/jest-circus/build/run.js:252:3)\n    at _runTestsForDescribeBlock (/Users/armand/Development/RingRift/node_modules/jest-circus/build/run.js:126:9)\n    at _runTestsForDescribeBlock (/Users/armand/Development/RingRift/node_modules/jest-circus/build/run.js:121:9)\n    at _runTestsForDescribeBlock (/Users/armand/Development/RingRift/node_modules/jest-circus/build/run.js:121:9)\n    at run (/Users/armand/Development/RingRift/node_modules/jest-circus/build/run.js:71:3)\n    at runAndTransformResultsToJestFormat (/Users/armand/Development/RingRift/node_modules/jest-circus/build/legacy-code-todo-rewrite/jestAdapterInit.js:122:21)\n    at jestAdapter (/Users/armand/Development/RingRift/node_modules/jest-circus/build/legacy-code-todo-rewrite/jestAdapter.js:79:19)\n    at runTestInternal (/Users/armand/Development/RingRift/node_modules/jest-runner/build/runTest.js:367:16)\n    at runTest (/Users/armand/Development/RingRift/node_modules/jest-runner/build/runTest.js:444:34)"
          ],
          "fullName": "RulesMatrix Comprehensive Scenarios Victory Axis (V1-V2) V2: Forced Elimination Ladder",
          "invocations": 1,
          "location": { "column": 5, "line": 888 },
          "numPassingAsserts": 0,
          "retryReasons": [],
          "status": "failed",
          "title": "V2: Forced Elimination Ladder"
        }
      ],
      "endTime": 1763771282328,
      "message": "  ● RulesMatrix Comprehensive Scenarios › Movement Axis (M1-M3) › M2: Rules_8_2_Q2_markers_any_valid_space_beyond_square8\n\n    expect(received).toBe(expected) // Object.is equality\n\n    Expected: true\n    Received: false\n\n      194 |           console.error('M2 Move failed:', moveResult.error);\n      195 |       }\n    > 196 |       expect(moveResult.success).toBe(true);\n          |                                  ^\n      197 |\n      198 |       // Check marker at origin (departure)\n      199 |       const originKey = positionToString(origin);\n\n      at Object.<anonymous> (tests/scenarios/RulesMatrix.Comprehensive.test.ts:196:34)\n\n  ● RulesMatrix Comprehensive Scenarios › Chain Capture Axis (C1-C3) › C2: Rules_10_3_Q15_3_2_cyclic_pattern_triangle_loop\n\n    expect(received).toBe(expected) // Object.is equality\n\n    Expected: true\n    Received: false\n\n      683 |           // Let's add logging to V2 as well.\n      684 |       }\n    > 685 |       expect(move1.success).toBe(true);\n          |                             ^\n      686 |\n      687 |       await resolveChainIfPresent(engine);\n      688 |\n\n      at Object.<anonymous> (tests/scenarios/RulesMatrix.Comprehensive.test.ts:685:29)\n\n  ● RulesMatrix Comprehensive Scenarios › Victory Axis (V1-V2) › V2: Forced Elimination Ladder\n\n    expect(received).toBeGreaterThan(expected)\n\n    Expected: > 0\n    Received:   0\n\n      980 |         // Here P1 has a stack on board (height 9). So they should eliminate from board.\n      981 |         \n    > 982 |         expect(gameState.players[0].eliminatedRings).toBeGreaterThan(initialEliminated);\n          |                                                      ^\n      983 |     });\n      984 |   });\n      985 | });\n\n      at Object.<anonymous> (tests/scenarios/RulesMatrix.Comprehensive.test.ts:982:54)\n",
      "name": "/Users/armand/Development/RingRift/tests/scenarios/RulesMatrix.Comprehensive.test.ts",
      "startTime": 1763771282268,
      "status": "failed",
      "summary": ""
    },
    {
      "assertionResults": [
        {
          "ancestorTitles": ["WebSocketServer.maybePerformAITurn"],
          "duration": 0,
          "failureDetails": [{}],
          "failureMessages": [
            "TypeError: serverAny.maybePerformAITurn is not a function\n    at Object.<anonymous> (/Users/armand/Development/RingRift/tests/unit/WebSocketServer.aiTurn.integration.test.ts:96:21)\n    at Promise.then.completed (/Users/armand/Development/RingRift/node_modules/jest-circus/build/utils.js:298:28)\n    at new Promise (<anonymous>)\n    at callAsyncCircusFn (/Users/armand/Development/RingRift/node_modules/jest-circus/build/utils.js:231:10)\n    at _callCircusTest (/Users/armand/Development/RingRift/node_modules/jest-circus/build/run.js:316:40)\n    at _runTest (/Users/armand/Development/RingRift/node_modules/jest-circus/build/run.js:252:3)\n    at _runTestsForDescribeBlock (/Users/armand/Development/RingRift/node_modules/jest-circus/build/run.js:126:9)\n    at _runTestsForDescribeBlock (/Users/armand/Development/RingRift/node_modules/jest-circus/build/run.js:121:9)\n    at run (/Users/armand/Development/RingRift/node_modules/jest-circus/build/run.js:71:3)\n    at runAndTransformResultsToJestFormat (/Users/armand/Development/RingRift/node_modules/jest-circus/build/legacy-code-todo-rewrite/jestAdapterInit.js:122:21)\n    at jestAdapter (/Users/armand/Development/RingRift/node_modules/jest-circus/build/legacy-code-todo-rewrite/jestAdapter.js:79:19)\n    at runTestInternal (/Users/armand/Development/RingRift/node_modules/jest-runner/build/runTest.js:367:16)\n    at runTest (/Users/armand/Development/RingRift/node_modules/jest-runner/build/runTest.js:444:34)"
          ],
          "fullName": "WebSocketServer.maybePerformAITurn requests a move from the AI engine, applies it via GameEngine, and emits game_state in normal phases",
          "invocations": 1,
          "location": { "column": 3, "line": 40 },
          "numPassingAsserts": 0,
          "retryReasons": [],
          "status": "failed",
          "title": "requests a move from the AI engine, applies it via GameEngine, and emits game_state in normal phases"
        },
        {
          "ancestorTitles": ["WebSocketServer.maybePerformAITurn"],
          "duration": 0,
          "failureDetails": [{}],
          "failureMessages": [
            "TypeError: serverAny.maybePerformAITurn is not a function\n    at Object.<anonymous> (/Users/armand/Development/RingRift/tests/unit/WebSocketServer.aiTurn.integration.test.ts:174:21)\n    at Promise.then.completed (/Users/armand/Development/RingRift/node_modules/jest-circus/build/utils.js:298:28)\n    at new Promise (<anonymous>)\n    at callAsyncCircusFn (/Users/armand/Development/RingRift/node_modules/jest-circus/build/utils.js:231:10)\n    at _callCircusTest (/Users/armand/Development/RingRift/node_modules/jest-circus/build/run.js:316:40)\n    at _runTest (/Users/armand/Development/RingRift/node_modules/jest-circus/build/run.js:252:3)\n    at _runTestsForDescribeBlock (/Users/armand/Development/RingRift/node_modules/jest-circus/build/run.js:126:9)\n    at _runTestsForDescribeBlock (/Users/armand/Development/RingRift/node_modules/jest-circus/build/run.js:121:9)\n    at run (/Users/armand/Development/RingRift/node_modules/jest-circus/build/run.js:71:3)\n    at runAndTransformResultsToJestFormat (/Users/armand/Development/RingRift/node_modules/jest-circus/build/legacy-code-todo-rewrite/jestAdapterInit.js:122:21)\n    at jestAdapter (/Users/armand/Development/RingRift/node_modules/jest-circus/build/legacy-code-todo-rewrite/jestAdapter.js:79:19)\n    at runTestInternal (/Users/armand/Development/RingRift/node_modules/jest-runner/build/runTest.js:367:16)\n    at runTest (/Users/armand/Development/RingRift/node_modules/jest-runner/build/runTest.js:444:34)"
          ],
          "fullName": "WebSocketServer.maybePerformAITurn uses local decision policy for line_processing / territory_processing and does not call getAIMove",
          "invocations": 1,
          "location": { "column": 3, "line": 117 },
          "numPassingAsserts": 0,
          "retryReasons": [],
          "status": "failed",
          "title": "uses local decision policy for line_processing / territory_processing and does not call getAIMove"
        },
        {
          "ancestorTitles": ["WebSocketServer.maybePerformAITurn"],
          "duration": 1,
          "failureDetails": [{}],
          "failureMessages": [
[...]
          "numPassingAsserts": 23,
          "retryReasons": [],
          "status": "passed",
          "title": "line + territory consequences combine correctly on hex board (stubbed detection)"
        }
      ],
      "endTime": 1763771287848,
      "message": "",
      "name": "/Users/armand/Development/RingRift/tests/unit/ClientSandboxEngine.territoryDisconnection.hex.test.ts",
      "startTime": 1763771287827,
      "status": "passed",
      "summary": ""
    },
    {
      "assertionResults": [
        {
          "ancestorTitles": ["ClientSandboxEngine region order choice integration"],
          "duration": 1,
          "failureDetails": [],
          "failureMessages": [],
          "fullName": "ClientSandboxEngine region order choice integration processDisconnectedRegionsForCurrentPlayer honors RegionOrderChoice selection",
          "invocations": 1,
          "location": { "column": 3, "line": 74 },
          "numPassingAsserts": 3,
          "retryReasons": [],
          "status": "passed",
          "title": "processDisconnectedRegionsForCurrentPlayer honors RegionOrderChoice selection"
        }
      ],
      "endTime": 1763771287873,
      "message": "",
      "name": "/Users/armand/Development/RingRift/tests/unit/ClientSandboxEngine.regionOrderChoice.test.ts",
      "startTime": 1763771287853,
      "status": "passed",
      "summary": ""
    },
    {
      "assertionResults": [
        {
          "ancestorTitles": ["ClientSandboxEngine placement + forced elimination"],
          "duration": 1,
          "failureDetails": [],
          "failureMessages": [],
          "fullName": "ClientSandboxEngine placement + forced elimination no-dead-placement: sandbox rejects placements that leave no legal move/capture",
          "invocations": 1,
          "location": { "column": 3, "line": 55 },
          "numPassingAsserts": 2,
          "retryReasons": [],
          "status": "passed",
          "title": "no-dead-placement: sandbox rejects placements that leave no legal move/capture"
        },
        {
          "ancestorTitles": ["ClientSandboxEngine placement + forced elimination"],
          "duration": 1,
          "failureDetails": [],
          "failureMessages": [],
          "fullName": "ClientSandboxEngine placement + forced elimination forced elimination: blocked player with no rings in hand loses a cap and turn passes",
          "invocations": 1,
          "location": { "column": 3, "line": 94 },
          "numPassingAsserts": 4,
          "retryReasons": [],
          "status": "passed",
          "title": "forced elimination: blocked player with no rings in hand loses a cap and turn passes"
        }
      ],
      "endTime": 1763771287899,
      "message": "",
      "name": "/Users/armand/Development/RingRift/tests/unit/ClientSandboxEngine.placementForcedElimination.test.ts",
      "startTime": 1763771287875,
      "status": "passed",
      "summary": ""
    },
    {
      "assertionResults": [
        {
          "ancestorTitles": ["ClientSandboxEngine initial AI placement behaviour"],
          "duration": 3,
          "failureDetails": [],
          "failureMessages": [],
          "fullName": "ClientSandboxEngine initial AI placement behaviour first AI turn from fresh game produces a P1 place_ring history entry",
          "invocations": 1,
          "location": { "column": 3, "line": 29 },
          "numPassingAsserts": 9,
          "retryReasons": [],
          "status": "passed",
          "title": "first AI turn from fresh game produces a P1 place_ring history entry"
        }
      ],
      "endTime": 1763771287921,
      "message": "",
      "name": "/Users/armand/Development/RingRift/tests/unit/ClientSandboxEngine.initialPlacement.test.ts",
      "startTime": 1763771287901,
      "status": "passed",
      "summary": ""
    },
    {
      "assertionResults": [
        {
          "ancestorTitles": ["RulesMatrix → GameEngine victory scenarios (backend)"],
          "duration": 1,
          "failureDetails": [],
          "failureMessages": [],
          "fullName": "RulesMatrix → GameEngine victory scenarios (backend) {\n  kind: 'victory',\n  boardType: 'square8',\n  victoryKind: 'forced-elimination',\n  players: [Array],\n  stacks: [],\n  ref: [Object],\n  description: 'Ring-elimination victory on square8: a player reaches strictly more than half of total rings as eliminated rings (including rings eliminated via lines, territory, disconnected regions, forced elimination, and stalemate conversion), triggering an immediate win regardless of remaining stacks or territory.'\n} → backend RuleEngine.checkGameEnd matches victory threshold semantics",
          "invocations": 1,
          "location": { "column": 44, "line": 54 },
          "numPassingAsserts": 3,
          "retryReasons": [],
          "status": "passed",
          "title": "{\n  kind: 'victory',\n  boardType: 'square8',\n  victoryKind: 'forced-elimination',\n  players: [Array],\n  stacks: [],\n  ref: [Object],\n  description: 'Ring-elimination victory on square8: a player reaches strictly more than half of total rings as eliminated rings (including rings eliminated via lines, territory, disconnected regions, forced elimination, and stalemate conversion), triggering an immediate win regardless of remaining stacks or territory.'\n} → backend RuleEngine.checkGameEnd matches victory threshold semantics"
        },
        {
          "ancestorTitles": ["RulesMatrix → GameEngine victory scenarios (backend)"],
          "duration": 0,
          "failureDetails": [],
          "failureMessages": [],
          "fullName": "RulesMatrix → GameEngine victory scenarios (backend) {\n  kind: 'victory',\n  boardType: 'square8',\n  victoryKind: 'forced-elimination',\n  players: [Array],\n  stacks: [],\n  ref: [Object],\n  description: 'Territory-control victory on square8: a player controls strictly more than half of all board spaces as collapsed territory in their color, satisfying the territoryVictoryThreshold and ending the game even if further eliminations or moves would be possible.'\n} → backend RuleEngine.checkGameEnd matches victory threshold semantics",
          "invocations": 1,
          "location": { "column": 44, "line": 54 },
          "numPassingAsserts": 3,
          "retryReasons": [],
          "status": "passed",
          "title": "{\n  kind: 'victory',\n  boardType: 'square8',\n  victoryKind: 'forced-elimination',\n  players: [Array],\n  stacks: [],\n  ref: [Object],\n  description: 'Territory-control victory on square8: a player controls strictly more than half of all board spaces as collapsed territory in their color, satisfying the territoryVictoryThreshold and ending the game even if further eliminations or moves would be possible.'\n} → backend RuleEngine.checkGameEnd matches victory threshold semantics"
        }
      ],
      "endTime": 1763771287940,
      "message": "",
      "name": "/Users/armand/Development/RingRift/tests/scenarios/RulesMatrix.Victory.GameEngine.test.ts",
      "startTime": 1763771287923,
      "status": "passed",
      "summary": ""
    },
    {
      "assertionResults": [
        {
          "ancestorTitles": ["hasAnyLegalMoveOrCaptureFromOnBoard"],
          "duration": 0,
          "failureDetails": [],
          "failureMessages": [],
          "fullName": "hasAnyLegalMoveOrCaptureFromOnBoard square8: detects movement when a simple non-capture move exists",
          "invocations": 1,
          "location": { "column": 3, "line": 37 },
          "numPassingAsserts": 1,
          "retryReasons": [],
          "status": "passed",
          "title": "square8: detects movement when a simple non-capture move exists"
        },
        {
          "ancestorTitles": ["hasAnyLegalMoveOrCaptureFromOnBoard"],
          "duration": 0,
          "failureDetails": [],
          "failureMessages": [],
          "fullName": "hasAnyLegalMoveOrCaptureFromOnBoard square8: returns false when stack is completely surrounded by collapsed spaces",
          "invocations": 1,
          "location": { "column": 3, "line": 47 },
          "numPassingAsserts": 1,
          "retryReasons": [],
          "status": "passed",
          "title": "square8: returns false when stack is completely surrounded by collapsed spaces"
        },
        {
          "ancestorTitles": ["hasAnyLegalMoveOrCaptureFromOnBoard"],
          "duration": 0,
          "failureDetails": [],
          "failureMessages": [],
          "fullName": "hasAnyLegalMoveOrCaptureFromOnBoard hexagonal: detects movement on an otherwise empty board",
          "invocations": 1,
          "location": { "column": 3, "line": 69 },
          "numPassingAsserts": 1,
          "retryReasons": [],
          "status": "passed",
          "title": "hexagonal: detects movement on an otherwise empty board"
        }
      ],
      "endTime": 1763771287960,
      "message": "",
      "name": "/Users/armand/Development/RingRift/tests/unit/movementReachabilityParity.test.ts",
      "startTime": 1763771287943,
      "status": "passed",
      "summary": ""
    },
    {
      "assertionResults": [
        {
          "ancestorTitles": ["BoardManager territory disconnection (square8, Von Neumann)"],
          "duration": 1,
          "failureDetails": [],
          "failureMessages": [],
          "fullName": "BoardManager territory disconnection (square8, Von Neumann) Q20_square8_von_neumann_territory_disconnection_backend",
          "invocations": 1,
          "location": { "column": 3, "line": 20 },
          "numPassingAsserts": 1,
          "retryReasons": [],
          "status": "passed",
          "title": "Q20_square8_von_neumann_territory_disconnection_backend"
        }
      ],
      "endTime": 1763771287981,
      "message": "",
      "name": "/Users/armand/Development/RingRift/tests/unit/BoardManager.territoryDisconnection.square8.test.ts",
      "startTime": 1763771287962,
      "status": "passed",
      "summary": ""
    },
    {
      "assertionResults": [
        {
          "ancestorTitles": [
            "RulesMatrix → TerritoryRuleScenario – Q23 mini-region numeric invariant (square8)"
          ],
          "duration": 1,
          "failureDetails": [],
          "failureMessages": [],
          "fullName": "RulesMatrix → TerritoryRuleScenario – Q23 mini-region numeric invariant (square8) exposes the compact Q23 mini-region scenario via getScenarioById",
          "invocations": 1,
          "location": { "column": 3, "line": 20 },
          "numPassingAsserts": 14,
          "retryReasons": [],
          "status": "passed",
          "title": "exposes the compact Q23 mini-region scenario via getScenarioById"
        }
      ],
      "endTime": 1763771287999,
      "message": "",
      "name": "/Users/armand/Development/RingRift/tests/scenarios/RulesMatrix.Territory.MiniRegion.test.ts",
      "startTime": 1763771287983,
      "status": "passed",
      "summary": ""
    },
    {
      "assertionResults": [
        {
          "ancestorTitles": ["BoardManager territory disconnection (hexagonal)"],
          "duration": null,
          "failureDetails": [],
          "failureMessages": [],
          "fullName": "BoardManager territory disconnection (hexagonal) mirrors a concrete hex territory scenario from the Rust engine (see RingRift Rust/ringrift/src/rules/territory.rs)",
          "invocations": 1,
          "location": { "column": 6, "line": 30 },
          "numPassingAsserts": 0,
          "retryReasons": [],
          "status": "todo",
          "title": "mirrors a concrete hex territory scenario from the Rust engine (see RingRift Rust/ringrift/src/rules/territory.rs)"
        }
      ],
      "endTime": 1763771288017,
      "message": "",
      "name": "/Users/armand/Development/RingRift/tests/unit/BoardManager.territoryDisconnection.hex.test.ts",
      "startTime": 1763771288004,
      "status": "passed",
      "summary": ""
    },
    {
      "assertionResults": [
        {
          "ancestorTitles": [],
          "duration": null,
          "failureDetails": [],
          "failureMessages": [],
          "fullName": "sandbox AI seed=1 (square8, 2 AI) does not exhibit a movement-phase stall",
          "invocations": 1,
          "location": { "column": 1, "line": 111 },
          "numPassingAsserts": 0,
          "retryReasons": [],
          "status": "pending",
          "title": "sandbox AI seed=1 (square8, 2 AI) does not exhibit a movement-phase stall"
        }
      ],
      "coverage": {},
      "endTime": 1763771288128,
      "message": "",
      "name": "/Users/armand/Development/RingRift/tests/unit/ClientSandboxEngine.aiStall.seed1.test.ts",
      "startTime": 1763771288128,
      "status": "skipped",
      "summary": ""
    },
    {
      "assertionResults": [
        {
          "ancestorTitles": [
            "ClientSandboxEngine AI sandbox simulations (termination / stall checks)"
          ],
          "duration": null,
          "failureDetails": [],
          "failureMessages": [],
          "fullName": "ClientSandboxEngine AI sandbox simulations (termination / stall checks) square8 with 2 AI players: 100 seeded-random sandbox games do not stall within 1000 AI actions or until victory",
          "invocations": 1,
          "location": { "column": 7, "line": 148 },
          "numPassingAsserts": 0,
          "retryReasons": [],
          "status": "pending",
          "title": "square8 with 2 AI players: 100 seeded-random sandbox games do not stall within 1000 AI actions or until victory"
        },
        {
          "ancestorTitles": [
            "ClientSandboxEngine AI sandbox simulations (termination / stall checks)"
          ],
          "duration": null,
          "failureDetails": [],
          "failureMessages": [],
          "fullName": "ClientSandboxEngine AI sandbox simulations (termination / stall checks) square8 with 3 AI players: 100 seeded-random sandbox games do not stall within 1000 AI actions or until victory",
          "invocations": 1,
          "location": { "column": 7, "line": 148 },
          "numPassingAsserts": 0,
          "retryReasons": [],
          "status": "pending",
          "title": "square8 with 3 AI players: 100 seeded-random sandbox games do not stall within 1000 AI actions or until victory"
        },
        {
          "ancestorTitles": [
            "ClientSandboxEngine AI sandbox simulations (termination / stall checks)"
          ],
          "duration": null,
          "failureDetails": [],
          "failureMessages": [],
          "fullName": "ClientSandboxEngine AI sandbox simulations (termination / stall checks) square8 with 4 AI players: 100 seeded-random sandbox games do not stall within 1000 AI actions or until victory",
          "invocations": 1,
          "location": { "column": 7, "line": 148 },
          "numPassingAsserts": 0,
          "retryReasons": [],
          "status": "pending",
          "title": "square8 with 4 AI players: 100 seeded-random sandbox games do not stall within 1000 AI actions or until victory"
        },
        {
          "ancestorTitles": [
            "ClientSandboxEngine AI sandbox simulations (termination / stall checks)"
          ],
          "duration": null,
          "failureDetails": [],
          "failureMessages": [],
          "fullName": "ClientSandboxEngine AI sandbox simulations (termination / stall checks) square19 with 2 AI players: 100 seeded-random sandbox games do not stall within 1000 AI actions or until victory",
          "invocations": 1,
          "location": { "column": 7, "line": 148 },
          "numPassingAsserts": 0,
          "retryReasons": [],
          "status": "pending",
          "title": "square19 with 2 AI players: 100 seeded-random sandbox games do not stall within 1000 AI actions or until victory"
        },
        {
          "ancestorTitles": [
            "ClientSandboxEngine AI sandbox simulations (termination / stall checks)"
          ],
          "duration": null,
          "failureDetails": [],
          "failureMessages": [],
          "fullName": "ClientSandboxEngine AI sandbox simulations (termination / stall checks) square19 with 3 AI players: 100 seeded-random sandbox games do not stall within 1000 AI actions or until victory",
          "invocations": 1,
          "location": { "column": 7, "line": 148 },
          "numPassingAsserts": 0,
          "retryReasons": [],
          "status": "pending",
          "title": "square19 with 3 AI players: 100 seeded-random sandbox games do not stall within 1000 AI actions or until victory"
        },
        {
          "ancestorTitles": [
            "ClientSandboxEngine AI sandbox simulations (termination / stall checks)"
          ],
          "duration": null,
          "failureDetails": [],
          "failureMessages": [],
          "fullName": "ClientSandboxEngine AI sandbox simulations (termination / stall checks) square19 with 4 AI players: 100 seeded-random sandbox games do not stall within 1000 AI actions or until victory",
          "invocations": 1,
          "location": { "column": 7, "line": 148 },
          "numPassingAsserts": 0,
          "retryReasons": [],
          "status": "pending",
          "title": "square19 with 4 AI players: 100 seeded-random sandbox games do not stall within 1000 AI actions or until victory"
        },
        {
          "ancestorTitles": [
            "ClientSandboxEngine AI sandbox simulations (termination / stall checks)"
          ],
          "duration": null,
          "failureDetails": [],
          "failureMessages": [],
          "fullName": "ClientSandboxEngine AI sandbox simulations (termination / stall checks) hexagonal with 2 AI players: 100 seeded-random sandbox games do not stall within 1000 AI actions or until victory",
          "invocations": 1,
          "location": { "column": 7, "line": 148 },
          "numPassingAsserts": 0,
          "retryReasons": [],
          "status": "pending",
          "title": "hexagonal with 2 AI players: 100 seeded-random sandbox games do not stall within 1000 AI actions or until victory"
        },
        {
          "ancestorTitles": [
            "ClientSandboxEngine AI sandbox simulations (termination / stall checks)"
          ],
          "duration": null,
          "failureDetails": [],
          "failureMessages": [],
          "fullName": "ClientSandboxEngine AI sandbox simulations (termination / stall checks) hexagonal with 3 AI players: 100 seeded-random sandbox games do not stall within 1000 AI actions or until victory",
          "invocations": 1,
          "location": { "column": 7, "line": 148 },
          "numPassingAsserts": 0,
          "retryReasons": [],
          "status": "pending",
          "title": "hexagonal with 3 AI players: 100 seeded-random sandbox games do not stall within 1000 AI actions or until victory"
        },
        {
          "ancestorTitles": [
            "ClientSandboxEngine AI sandbox simulations (termination / stall checks)"
          ],
          "duration": null,
          "failureDetails": [],
          "failureMessages": [],
          "fullName": "ClientSandboxEngine AI sandbox simulations (termination / stall checks) hexagonal with 4 AI players: 100 seeded-random sandbox games do not stall within 1000 AI actions or until victory",
          "invocations": 1,
          "location": { "column": 7, "line": 148 },
          "numPassingAsserts": 0,
          "retryReasons": [],
          "status": "pending",
          "title": "hexagonal with 4 AI players: 100 seeded-random sandbox games do not stall within 1000 AI actions or until victory"
        }
      ],
      "coverage": {},
      "endTime": 1763771288128,
      "message": "",
      "name": "/Users/armand/Development/RingRift/tests/unit/ClientSandboxEngine.aiSimulation.test.ts",
      "startTime": 1763771288128,
      "status": "skipped",
      "summary": ""
    }
  ],
  "wasInterrupted": false
}
