{
  "board_type": "square8",
  "db_path": "/Users/armand/Development/RingRift/ai-service/data/games/canonical_square8.db",
  "db_paths_checked": [
    "/Users/armand/Development/RingRift/ai-service/data/games/canonical_square8.db"
  ],
  "hosts": null,
  "max_moves": 200,
  "num_games": 0,
  "num_players": 2,
  "parity_summary": {
    "end_of_game_only_divergences": [],
    "games_with_end_of_game_only_divergence": 0,
    "games_with_semantic_divergence": 0,
    "games_with_structural_issues": 5,
    "mismatch_counts_by_dimension": {},
    "returncode": 0,
    "semantic_divergences": [],
    "structural_issues": [
      {
        "db_path": "/Users/armand/Development/RingRift/ai-service/data/games/canonical_square8.db",
        "game_id": "36ecda5c-3383-4492-9366-33d67a303ac0",
        "structure": "error",
        "structure_reason": "RuntimeError: TS replay harness failed for /Users/armand/Development/RingRift/ai-service/data/games/canonical_square8.db / 36ecda5c-3383-4492-9366-33d67a303ac0 with code 1:\nSTDOUT:\n[dotenv@17.2.3] injecting env (0) from .env -- tip: \ud83d\udd10 prevent committing .env to code: https://dotenvx.com/precommit\n\nSTDERR:\n/Users/armand/Development/RingRift/node_modules/ts-node/src/index.ts:859\n    return new TSError(diagnosticText, diagnosticCodes, diagnostics);\n           ^\nTSError: \u2a2f Unable to compile TypeScript:\nsrc/shared/engine/fsm/FSMAdapter.ts(1136,1): error TS1128: Declaration or statement expected.\n\n    at createTSError (/Users/armand/Development/RingRift/node_modules/ts-node/src/index.ts:859:12)\n    at reportTSError (/Users/armand/Development/RingRift/node_modules/ts-node/src/index.ts:863:19)\n    at /Users/armand/Development/RingRift/node_modules/ts-node/src/index.ts:1379:34\n    at Object.compile (/Users/armand/Development/RingRift/node_modules/ts-node/src/index.ts:1458:13)\n    at Module.m._compile (/Users/armand/Development/RingRift/node_modules/ts-node/src/index.ts:1617:30)\n    at node:internal/modules/cjs/loader:1905:10\n    at Object.require.extensions.<computed> [as .ts] (/Users/armand/Development/RingRift/node_modules/ts-node/src/index.ts:1621:12)\n    at Module.load (node:internal/modules/cjs/loader:1474:32)\n    at Function._load (node:internal/modules/cjs/loader:1286:12)\n    at TracingChannel.traceSync (node:diagnostics_channel:322:14) {\n  diagnosticCodes: [ 1128 ]\n}\n"
      },
      {
        "db_path": "/Users/armand/Development/RingRift/ai-service/data/games/canonical_square8.db",
        "game_id": "a28fedcd-5254-4c5f-a7d1-279a14b14351",
        "structure": "error",
        "structure_reason": "RuntimeError: TS replay harness failed for /Users/armand/Development/RingRift/ai-service/data/games/canonical_square8.db / a28fedcd-5254-4c5f-a7d1-279a14b14351 with code 1:\nSTDOUT:\n[dotenv@17.2.3] injecting env (0) from .env -- tip: \ud83d\udd10 prevent committing .env to code: https://dotenvx.com/precommit\n\nSTDERR:\n/Users/armand/Development/RingRift/node_modules/ts-node/src/index.ts:859\n    return new TSError(diagnosticText, diagnosticCodes, diagnostics);\n           ^\nTSError: \u2a2f Unable to compile TypeScript:\nsrc/shared/engine/fsm/FSMAdapter.ts(1136,1): error TS1128: Declaration or statement expected.\n\n    at createTSError (/Users/armand/Development/RingRift/node_modules/ts-node/src/index.ts:859:12)\n    at reportTSError (/Users/armand/Development/RingRift/node_modules/ts-node/src/index.ts:863:19)\n    at /Users/armand/Development/RingRift/node_modules/ts-node/src/index.ts:1379:34\n    at Object.compile (/Users/armand/Development/RingRift/node_modules/ts-node/src/index.ts:1458:13)\n    at Module.m._compile (/Users/armand/Development/RingRift/node_modules/ts-node/src/index.ts:1617:30)\n    at node:internal/modules/cjs/loader:1905:10\n    at Object.require.extensions.<computed> [as .ts] (/Users/armand/Development/RingRift/node_modules/ts-node/src/index.ts:1621:12)\n    at Module.load (node:internal/modules/cjs/loader:1474:32)\n    at Function._load (node:internal/modules/cjs/loader:1286:12)\n    at TracingChannel.traceSync (node:diagnostics_channel:322:14) {\n  diagnosticCodes: [ 1128 ]\n}\n"
      },
      {
        "db_path": "/Users/armand/Development/RingRift/ai-service/data/games/canonical_square8.db",
        "game_id": "340a9da8-f924-4438-a7bb-a1907ce408e8",
        "structure": "error",
        "structure_reason": "RuntimeError: TS replay harness failed for /Users/armand/Development/RingRift/ai-service/data/games/canonical_square8.db / 340a9da8-f924-4438-a7bb-a1907ce408e8 with code 1:\nSTDOUT:\n[dotenv@17.2.3] injecting env (0) from .env -- tip: \ud83d\udd11 add access controls to secrets: https://dotenvx.com/ops\n\nSTDERR:\n/Users/armand/Development/RingRift/node_modules/ts-node/src/index.ts:859\n    return new TSError(diagnosticText, diagnosticCodes, diagnostics);\n           ^\nTSError: \u2a2f Unable to compile TypeScript:\nsrc/shared/engine/fsm/FSMAdapter.ts(1136,1): error TS1128: Declaration or statement expected.\n\n    at createTSError (/Users/armand/Development/RingRift/node_modules/ts-node/src/index.ts:859:12)\n    at reportTSError (/Users/armand/Development/RingRift/node_modules/ts-node/src/index.ts:863:19)\n    at /Users/armand/Development/RingRift/node_modules/ts-node/src/index.ts:1379:34\n    at Object.compile (/Users/armand/Development/RingRift/node_modules/ts-node/src/index.ts:1458:13)\n    at Module.m._compile (/Users/armand/Development/RingRift/node_modules/ts-node/src/index.ts:1617:30)\n    at node:internal/modules/cjs/loader:1905:10\n    at Object.require.extensions.<computed> [as .ts] (/Users/armand/Development/RingRift/node_modules/ts-node/src/index.ts:1621:12)\n    at Module.load (node:internal/modules/cjs/loader:1474:32)\n    at Function._load (node:internal/modules/cjs/loader:1286:12)\n    at TracingChannel.traceSync (node:diagnostics_channel:322:14) {\n  diagnosticCodes: [ 1128 ]\n}\n"
      },
      {
        "db_path": "/Users/armand/Development/RingRift/ai-service/data/games/canonical_square8.db",
        "game_id": "0f051567-4d12-4813-835a-5897a86591b2",
        "structure": "error",
        "structure_reason": "RuntimeError: TS replay harness failed for /Users/armand/Development/RingRift/ai-service/data/games/canonical_square8.db / 0f051567-4d12-4813-835a-5897a86591b2 with code 1:\nSTDOUT:\n[dotenv@17.2.3] injecting env (0) from .env -- tip: \ud83d\uddc2\ufe0f backup and recover secrets: https://dotenvx.com/ops\n\nSTDERR:\n/Users/armand/Development/RingRift/node_modules/ts-node/src/index.ts:859\n    return new TSError(diagnosticText, diagnosticCodes, diagnostics);\n           ^\nTSError: \u2a2f Unable to compile TypeScript:\nsrc/shared/engine/fsm/FSMAdapter.ts(1136,1): error TS1128: Declaration or statement expected.\n\n    at createTSError (/Users/armand/Development/RingRift/node_modules/ts-node/src/index.ts:859:12)\n    at reportTSError (/Users/armand/Development/RingRift/node_modules/ts-node/src/index.ts:863:19)\n    at /Users/armand/Development/RingRift/node_modules/ts-node/src/index.ts:1379:34\n    at Object.compile (/Users/armand/Development/RingRift/node_modules/ts-node/src/index.ts:1458:13)\n    at Module.m._compile (/Users/armand/Development/RingRift/node_modules/ts-node/src/index.ts:1617:30)\n    at node:internal/modules/cjs/loader:1905:10\n    at Object.require.extensions.<computed> [as .ts] (/Users/armand/Development/RingRift/node_modules/ts-node/src/index.ts:1621:12)\n    at Module.load (node:internal/modules/cjs/loader:1474:32)\n    at Function._load (node:internal/modules/cjs/loader:1286:12)\n    at TracingChannel.traceSync (node:diagnostics_channel:322:14) {\n  diagnosticCodes: [ 1128 ]\n}\n"
      },
      {
        "db_path": "/Users/armand/Development/RingRift/ai-service/data/games/canonical_square8.db",
        "game_id": "9b243bf3-61e4-4ca5-a4e5-d5b326fa2351",
        "structure": "error",
        "structure_reason": "RuntimeError: TS replay harness failed for /Users/armand/Development/RingRift/ai-service/data/games/canonical_square8.db / 9b243bf3-61e4-4ca5-a4e5-d5b326fa2351 with code 1:\nSTDOUT:\n[dotenv@17.2.3] injecting env (0) from .env -- tip: \u2699\ufe0f  write to custom object with { processEnv: myObject }\n\nSTDERR:\n/Users/armand/Development/RingRift/node_modules/ts-node/src/index.ts:859\n    return new TSError(diagnosticText, diagnosticCodes, diagnostics);\n           ^\nTSError: \u2a2f Unable to compile TypeScript:\nsrc/shared/engine/fsm/FSMAdapter.ts(1136,1): error TS1128: Declaration or statement expected.\n\n    at createTSError (/Users/armand/Development/RingRift/node_modules/ts-node/src/index.ts:859:12)\n    at reportTSError (/Users/armand/Development/RingRift/node_modules/ts-node/src/index.ts:863:19)\n    at /Users/armand/Development/RingRift/node_modules/ts-node/src/index.ts:1379:34\n    at Object.compile (/Users/armand/Development/RingRift/node_modules/ts-node/src/index.ts:1458:13)\n    at Module.m._compile (/Users/armand/Development/RingRift/node_modules/ts-node/src/index.ts:1617:30)\n    at node:internal/modules/cjs/loader:1905:10\n    at Object.require.extensions.<computed> [as .ts] (/Users/armand/Development/RingRift/node_modules/ts-node/src/index.ts:1621:12)\n    at Module.load (node:internal/modules/cjs/loader:1474:32)\n    at Function._load (node:internal/modules/cjs/loader:1286:12)\n    at TracingChannel.traceSync (node:diagnostics_channel:322:14) {\n  diagnosticCodes: [ 1128 ]\n}\n"
      }
    ],
    "total_databases": 1,
    "total_games_checked": 5
  },
  "passed_canonical_parity_gate": false,
  "seed": 42,
  "soak_returncode": 0
}
